[2018-06-27 04:44:56] local.ERROR: Undefined variable: popular (View: D:\Dropbox\xampp\htdocs\beaconlogin\login\resources\views\blog.blade.php) {"exception":"[object] (ErrorException(code: 0): Undefined variable: popular (View: D:\\Dropbox\\xampp\\htdocs\\beaconlogin\\login\esources\\views\\blog.blade.php) at D:\\Dropbox\\xampp\\htdocs\\beaconlogin\\login\\storage\\framework\\views\\a8e4784a6acfe545a6ac6aca633e31e28c246e81.php:114, ErrorException(code: 0): Undefined variable: popular at D:\\Dropbox\\xampp\\htdocs\\beaconlogin\\login\\storage\\framework\\views\\a8e4784a6acfe545a6ac6aca633e31e28c246e81.php:114)
[stacktrace]
#0 D:\\Dropbox\\xampp\\htdocs\\beaconlogin\\login\\vendor\\laravel\\framework\\src\\Illuminate\\View\\Engines\\PhpEngine.php(45): Illuminate\\View\\Engines\\CompilerEngine->handleViewException(Object(ErrorException), 1)
#1 D:\\Dropbox\\xampp\\htdocs\\beaconlogin\\login\\vendor\\laravel\\framework\\src\\Illuminate\\View\\Engines\\CompilerEngine.php(59): Illuminate\\View\\Engines\\PhpEngine->evaluatePath('D:\\\\Dropbox\\\\xamp...', Array)
#2 D:\\Dropbox\\xampp\\htdocs\\beaconlogin\\login\\vendor\\laravel\\framework\\src\\Illuminate\\View\\View.php(137): Illuminate\\View\\Engines\\CompilerEngine->get('D:\\\\Dropbox\\\\xamp...', Array)
#3 D:\\Dropbox\\xampp\\htdocs\\beaconlogin\\login\\vendor\\laravel\\framework\\src\\Illuminate\\View\\View.php(120): Illuminate\\View\\View->getContents()
#4 D:\\Dropbox\\xampp\\htdocs\\beaconlogin\\login\\vendor\\laravel\\framework\\src\\Illuminate\\View\\View.php(85): Illuminate\\View\\View->renderContents()
#5 D:\\Dropbox\\xampp\\htdocs\\beaconlogin\\login\\vendor\\laravel\\framework\\src\\Illuminate\\Http\\Response.php(42): Illuminate\\View\\View->render()
#6 D:\\Dropbox\\xampp\\htdocs\\beaconlogin\\login\\vendor\\symfony\\http-foundation\\Response.php(200): Illuminate\\Http\\Response->setContent(Object(Illuminate\\View\\View))
#7 D:\\Dropbox\\xampp\\htdocs\\beaconlogin\\login\\vendor\\laravel\\framework\\src\\Illuminate\\Routing\\Router.php(724): Symfony\\Component\\HttpFoundation\\Response->__construct(Object(Illuminate\\View\\View))
#8 D:\\Dropbox\\xampp\\htdocs\\beaconlogin\\login\\vendor\\laravel\\framework\\src\\Illuminate\\Routing\\Router.php(698): Illuminate\\Routing\\Router::toResponse(Object(Illuminate\\Http\\Request), Object(Illuminate\\View\\View))
#9 D:\\Dropbox\\xampp\\htdocs\\beaconlogin\\login\\vendor\\laravel\\framework\\src\\Illuminate\\Routing\\Router.php(658): Illuminate\\Routing\\Router->prepareResponse(Object(Illuminate\\Http\\Request), Object(Illuminate\\View\\View))
#10 D:\\Dropbox\\xampp\\htdocs\\beaconlogin\\login\\vendor\\laravel\\framework\\src\\Illuminate\\Routing\\Pipeline.php(30): Illuminate\\Routing\\Router->Illuminate\\Routing\\{closure}(Object(Illuminate\\Http\\Request))
#11 D:\\Dropbox\\xampp\\htdocs\\beaconlogin\\login\\vendor\\laravel\\framework\\src\\Illuminate\\Routing\\Middleware\\SubstituteBindings.php(41): Illuminate\\Routing\\Pipeline->Illuminate\\Routing\\{closure}(Object(Illuminate\\Http\\Request))
#12 D:\\Dropbox\\xampp\\htdocs\\beaconlogin\\login\\vendor\\laravel\\framework\\src\\Illuminate\\Pipeline\\Pipeline.php(149): Illuminate\\Routing\\Middleware\\SubstituteBindings->handle(Object(Illuminate\\Http\\Request), Object(Closure))
#13 D:\\Dropbox\\xampp\\htdocs\\beaconlogin\\login\\vendor\\laravel\\framework\\src\\Illuminate\\Routing\\Pipeline.php(53): Illuminate\\Pipeline\\Pipeline->Illuminate\\Pipeline\\{closure}(Object(Illuminate\\Http\\Request))
#14 D:\\Dropbox\\xampp\\htdocs\\beaconlogin\\login\\vendor\\laravel\\framework\\src\\Illuminate\\Foundation\\Http\\Middleware\\VerifyCsrfToken.php(67): Illuminate\\Routing\\Pipeline->Illuminate\\Routing\\{closure}(Object(Illuminate\\Http\\Request))
#15 D:\\Dropbox\\xampp\\htdocs\\beaconlogin\\login\\vendor\\laravel\\framework\\src\\Illuminate\\Pipeline\\Pipeline.php(149): Illuminate\\Foundation\\Http\\Middleware\\VerifyCsrfToken->handle(Object(Illuminate\\Http\\Request), Object(Closure))
#16 D:\\Dropbox\\xampp\\htdocs\\beaconlogin\\login\\vendor\\laravel\\framework\\src\\Illuminate\\Routing\\Pipeline.php(53): Illuminate\\Pipeline\\Pipeline->Illuminate\\Pipeline\\{closure}(Object(Illuminate\\Http\\Request))
#17 D:\\Dropbox\\xampp\\htdocs\\beaconlogin\\login\\vendor\\laravel\\framework\\src\\Illuminate\\View\\Middleware\\ShareErrorsFromSession.php(49): Illuminate\\Routing\\Pipeline->Illuminate\\Routing\\{closure}(Object(Illuminate\\Http\\Request))
#18 D:\\Dropbox\\xampp\\htdocs\\beaconlogin\\login\\vendor\\laravel\\framework\\src\\Illuminate\\Pipeline\\Pipeline.php(149): Illuminate\\View\\Middleware\\ShareErrorsFromSession->handle(Object(Illuminate\\Http\\Request), Object(Closure))
#19 D:\\Dropbox\\xampp\\htdocs\\beaconlogin\\login\\vendor\\laravel\\framework\\src\\Illuminate\\Routing\\Pipeline.php(53): Illuminate\\Pipeline\\Pipeline->Illuminate\\Pipeline\\{closure}(Object(Illuminate\\Http\\Request))
#20 D:\\Dropbox\\xampp\\htdocs\\beaconlogin\\login\\vendor\\laravel\\framework\\src\\Illuminate\\Session\\Middleware\\StartSession.php(63): Illuminate\\Routing\\Pipeline->Illuminate\\Routing\\{closure}(Object(Illuminate\\Http\\Request))
#21 D:\\Dropbox\\xampp\\htdocs\\beaconlogin\\login\\vendor\\laravel\\framework\\src\\Illuminate\\Pipeline\\Pipeline.php(149): Illuminate\\Session\\Middleware\\StartSession->handle(Object(Illuminate\\Http\\Request), Object(Closure))
#22 D:\\Dropbox\\xampp\\htdocs\\beaconlogin\\login\\vendor\\laravel\\framework\\src\\Illuminate\\Routing\\Pipeline.php(53): Illuminate\\Pipeline\\Pipeline->Illuminate\\Pipeline\\{closure}(Object(Illuminate\\Http\\Request))
#23 D:\\Dropbox\\xampp\\htdocs\\beaconlogin\\login\\vendor\\laravel\\framework\\src\\Illuminate\\Cookie\\Middleware\\AddQueuedCookiesToResponse.php(37): Illuminate\\Routing\\Pipeline->Illuminate\\Routing\\{closure}(Object(Illuminate\\Http\\Request))
#24 D:\\Dropbox\\xampp\\htdocs\\beaconlogin\\login\\vendor\\laravel\\framework\\src\\Illuminate\\Pipeline\\Pipeline.php(149): Illuminate\\Cookie\\Middleware\\AddQueuedCookiesToResponse->handle(Object(Illuminate\\Http\\Request), Object(Closure))
#25 D:\\Dropbox\\xampp\\htdocs\\beaconlogin\\login\\vendor\\laravel\\framework\\src\\Illuminate\\Routing\\Pipeline.php(53): Illuminate\\Pipeline\\Pipeline->Illuminate\\Pipeline\\{closure}(Object(Illuminate\\Http\\Request))
#26 D:\\Dropbox\\xampp\\htdocs\\beaconlogin\\login\\vendor\\laravel\\framework\\src\\Illuminate\\Cookie\\Middleware\\EncryptCookies.php(59): Illuminate\\Routing\\Pipeline->Illuminate\\Routing\\{closure}(Object(Illuminate\\Http\\Request))
#27 D:\\Dropbox\\xampp\\htdocs\\beaconlogin\\login\\vendor\\laravel\\framework\\src\\Illuminate\\Pipeline\\Pipeline.php(149): Illuminate\\Cookie\\Middleware\\EncryptCookies->handle(Object(Illuminate\\Http\\Request), Object(Closure))
#28 D:\\Dropbox\\xampp\\htdocs\\beaconlogin\\login\\vendor\\laravel\\framework\\src\\Illuminate\\Routing\\Pipeline.php(53): Illuminate\\Pipeline\\Pipeline->Illuminate\\Pipeline\\{closure}(Object(Illuminate\\Http\\Request))
#29 D:\\Dropbox\\xampp\\htdocs\\beaconlogin\\login\\vendor\\laravel\\framework\\src\\Illuminate\\Pipeline\\Pipeline.php(102): Illuminate\\Routing\\Pipeline->Illuminate\\Routing\\{closure}(Object(Illuminate\\Http\\Request))
#30 D:\\Dropbox\\xampp\\htdocs\\beaconlogin\\login\\vendor\\laravel\\framework\\src\\Illuminate\\Routing\\Router.php(660): Illuminate\\Pipeline\\Pipeline->then(Object(Closure))
#31 D:\\Dropbox\\xampp\\htdocs\\beaconlogin\\login\\vendor\\laravel\\framework\\src\\Illuminate\\Routing\\Router.php(635): Illuminate\\Routing\\Router->runRouteWithinStack(Object(Illuminate\\Routing\\Route), Object(Illuminate\\Http\\Request))
#32 D:\\Dropbox\\xampp\\htdocs\\beaconlogin\\login\\vendor\\laravel\\framework\\src\\Illuminate\\Routing\\Router.php(601): Illuminate\\Routing\\Router->runRoute(Object(Illuminate\\Http\\Request), Object(Illuminate\\Routing\\Route))
#33 D:\\Dropbox\\xampp\\htdocs\\beaconlogin\\login\\vendor\\laravel\\framework\\src\\Illuminate\\Routing\\Router.php(590): Illuminate\\Routing\\Router->dispatchToRoute(Object(Illuminate\\Http\\Request))
#34 D:\\Dropbox\\xampp\\htdocs\\beaconlogin\\login\\vendor\\laravel\\framework\\src\\Illuminate\\Foundation\\Http\\Kernel.php(176): Illuminate\\Routing\\Router->dispatch(Object(Illuminate\\Http\\Request))
#35 D:\\Dropbox\\xampp\\htdocs\\beaconlogin\\login\\vendor\\laravel\\framework\\src\\Illuminate\\Routing\\Pipeline.php(30): Illuminate\\Foundation\\Http\\Kernel->Illuminate\\Foundation\\Http\\{closure}(Object(Illuminate\\Http\\Request))
#36 D:\\Dropbox\\xampp\\htdocs\\beaconlogin\\login\\vendor\\fideloper\\proxy\\src\\TrustProxies.php(56): Illuminate\\Routing\\Pipeline->Illuminate\\Routing\\{closure}(Object(Illuminate\\Http\\Request))
#37 D:\\Dropbox\\xampp\\htdocs\\beaconlogin\\login\\vendor\\laravel\\framework\\src\\Illuminate\\Pipeline\\Pipeline.php(149): Fideloper\\Proxy\\TrustProxies->handle(Object(Illuminate\\Http\\Request), Object(Closure))
#38 D:\\Dropbox\\xampp\\htdocs\\beaconlogin\\login\\vendor\\laravel\\framework\\src\\Illuminate\\Routing\\Pipeline.php(53): Illuminate\\Pipeline\\Pipeline->Illuminate\\Pipeline\\{closure}(Object(Illuminate\\Http\\Request))
#39 D:\\Dropbox\\xampp\\htdocs\\beaconlogin\\login\\vendor\\laravel\\framework\\src\\Illuminate\\Foundation\\Http\\Middleware\\TransformsRequest.php(30): Illuminate\\Routing\\Pipeline->Illuminate\\Routing\\{closure}(Object(Illuminate\\Http\\Request))
#40 D:\\Dropbox\\xampp\\htdocs\\beaconlogin\\login\\vendor\\laravel\\framework\\src\\Illuminate\\Pipeline\\Pipeline.php(149): Illuminate\\Foundation\\Http\\Middleware\\TransformsRequest->handle(Object(Illuminate\\Http\\Request), Object(Closure))
#41 D:\\Dropbox\\xampp\\htdocs\\beaconlogin\\login\\vendor\\laravel\\framework\\src\\Illuminate\\Routing\\Pipeline.php(53): Illuminate\\Pipeline\\Pipeline->Illuminate\\Pipeline\\{closure}(Object(Illuminate\\Http\\Request))
#42 D:\\Dropbox\\xampp\\htdocs\\beaconlogin\\login\\vendor\\laravel\\framework\\src\\Illuminate\\Foundation\\Http\\Middleware\\TransformsRequest.php(30): Illuminate\\Routing\\Pipeline->Illuminate\\Routing\\{closure}(Object(Illuminate\\Http\\Request))
#43 D:\\Dropbox\\xampp\\htdocs\\beaconlogin\\login\\vendor\\laravel\\framework\\src\\Illuminate\\Pipeline\\Pipeline.php(149): Illuminate\\Foundation\\Http\\Middleware\\TransformsRequest->handle(Object(Illuminate\\Http\\Request), Object(Closure))
#44 D:\\Dropbox\\xampp\\htdocs\\beaconlogin\\login\\vendor\\laravel\\framework\\src\\Illuminate\\Routing\\Pipeline.php(53): Illuminate\\Pipeline\\Pipeline->Illuminate\\Pipeline\\{closure}(Object(Illuminate\\Http\\Request))
#45 D:\\Dropbox\\xampp\\htdocs\\beaconlogin\\login\\vendor\\laravel\\framework\\src\\Illuminate\\Foundation\\Http\\Middleware\\ValidatePostSize.php(27): Illuminate\\Routing\\Pipeline->Illuminate\\Routing\\{closure}(Object(Illuminate\\Http\\Request))
#46 D:\\Dropbox\\xampp\\htdocs\\beaconlogin\\login\\vendor\\laravel\\framework\\src\\Illuminate\\Pipeline\\Pipeline.php(149): Illuminate\\Foundation\\Http\\Middleware\\ValidatePostSize->handle(Object(Illuminate\\Http\\Request), Object(Closure))
#47 D:\\Dropbox\\xampp\\htdocs\\beaconlogin\\login\\vendor\\laravel\\framework\\src\\Illuminate\\Routing\\Pipeline.php(53): Illuminate\\Pipeline\\Pipeline->Illuminate\\Pipeline\\{closure}(Object(Illuminate\\Http\\Request))
#48 D:\\Dropbox\\xampp\\htdocs\\beaconlogin\\login\\vendor\\laravel\\framework\\src\\Illuminate\\Foundation\\Http\\Middleware\\CheckForMaintenanceMode.php(46): Illuminate\\Routing\\Pipeline->Illuminate\\Routing\\{closure}(Object(Illuminate\\Http\\Request))
#49 D:\\Dropbox\\xampp\\htdocs\\beaconlogin\\login\\vendor\\laravel\\framework\\src\\Illuminate\\Pipeline\\Pipeline.php(149): Illuminate\\Foundation\\Http\\Middleware\\CheckForMaintenanceMode->handle(Object(Illuminate\\Http\\Request), Object(Closure))
#50 D:\\Dropbox\\xampp\\htdocs\\beaconlogin\\login\\vendor\\laravel\\framework\\src\\Illuminate\\Routing\\Pipeline.php(53): Illuminate\\Pipeline\\Pipeline->Illuminate\\Pipeline\\{closure}(Object(Illuminate\\Http\\Request))
#51 D:\\Dropbox\\xampp\\htdocs\\beaconlogin\\login\\vendor\\laravel\\framework\\src\\Illuminate\\Pipeline\\Pipeline.php(102): Illuminate\\Routing\\Pipeline->Illuminate\\Routing\\{closure}(Object(Illuminate\\Http\\Request))
#52 D:\\Dropbox\\xampp\\htdocs\\beaconlogin\\login\\vendor\\laravel\\framework\\src\\Illuminate\\Foundation\\Http\\Kernel.php(151): Illuminate\\Pipeline\\Pipeline->then(Object(Closure))
#53 D:\\Dropbox\\xampp\\htdocs\\beaconlogin\\login\\vendor\\laravel\\framework\\src\\Illuminate\\Foundation\\Http\\Kernel.php(116): Illuminate\\Foundation\\Http\\Kernel->sendRequestThroughRouter(Object(Illuminate\\Http\\Request))
#54 D:\\Dropbox\\xampp\\htdocs\\beaconlogin\\login\\public\\index.php(55): Illuminate\\Foundation\\Http\\Kernel->handle(Object(Illuminate\\Http\\Request))
#55 D:\\Dropbox\\xampp\\htdocs\\beaconlogin\\login\\server.php(21): require_once('D:\\\\Dropbox\\\\xamp...')
#56 {main}
"} 
[2018-06-27 04:57:16] local.ERROR: Parse error: syntax error, unexpected 'endif' (T_ENDIF) (View: D:\Dropbox\xampp\htdocs\beaconlogin\login\resources\views\blog.blade.php) {"exception":"[object] (ErrorException(code: 0): Parse error: syntax error, unexpected 'endif' (T_ENDIF) (View: D:\\Dropbox\\xampp\\htdocs\\beaconlogin\\login\esources\\views\\blog.blade.php) at D:\\Dropbox\\xampp\\htdocs\\beaconlogin\\login\\storage\\framework\\views\\a8e4784a6acfe545a6ac6aca633e31e28c246e81.php:135, Symfony\\Component\\Debug\\Exception\\FatalThrowableError(code: 0): Parse error: syntax error, unexpected 'endif' (T_ENDIF) at D:\\Dropbox\\xampp\\htdocs\\beaconlogin\\login\\storage\\framework\\views\\a8e4784a6acfe545a6ac6aca633e31e28c246e81.php:135)
[stacktrace]
#0 D:\\Dropbox\\xampp\\htdocs\\beaconlogin\\login\\vendor\\laravel\\framework\\src\\Illuminate\\View\\Engines\\PhpEngine.php(47): Illuminate\\View\\Engines\\CompilerEngine->handleViewException(Object(Symfony\\Component\\Debug\\Exception\\FatalThrowableError), 1)
#1 D:\\Dropbox\\xampp\\htdocs\\beaconlogin\\login\\vendor\\laravel\\framework\\src\\Illuminate\\View\\Engines\\CompilerEngine.php(59): Illuminate\\View\\Engines\\PhpEngine->evaluatePath('D:\\\\Dropbox\\\\xamp...', Array)
#2 D:\\Dropbox\\xampp\\htdocs\\beaconlogin\\login\\vendor\\laravel\\framework\\src\\Illuminate\\View\\View.php(137): Illuminate\\View\\Engines\\CompilerEngine->get('D:\\\\Dropbox\\\\xamp...', Array)
#3 D:\\Dropbox\\xampp\\htdocs\\beaconlogin\\login\\vendor\\laravel\\framework\\src\\Illuminate\\View\\View.php(120): Illuminate\\View\\View->getContents()
#4 D:\\Dropbox\\xampp\\htdocs\\beaconlogin\\login\\vendor\\laravel\\framework\\src\\Illuminate\\View\\View.php(85): Illuminate\\View\\View->renderContents()
#5 D:\\Dropbox\\xampp\\htdocs\\beaconlogin\\login\\vendor\\laravel\\framework\\src\\Illuminate\\Http\\Response.php(42): Illuminate\\View\\View->render()
#6 D:\\Dropbox\\xampp\\htdocs\\beaconlogin\\login\\vendor\\symfony\\http-foundation\\Response.php(200): Illuminate\\Http\\Response->setContent(Object(Illuminate\\View\\View))
#7 D:\\Dropbox\\xampp\\htdocs\\beaconlogin\\login\\vendor\\laravel\\framework\\src\\Illuminate\\Routing\\Router.php(724): Symfony\\Component\\HttpFoundation\\Response->__construct(Object(Illuminate\\View\\View))
#8 D:\\Dropbox\\xampp\\htdocs\\beaconlogin\\login\\vendor\\laravel\\framework\\src\\Illuminate\\Routing\\Router.php(698): Illuminate\\Routing\\Router::toResponse(Object(Illuminate\\Http\\Request), Object(Illuminate\\View\\View))
#9 D:\\Dropbox\\xampp\\htdocs\\beaconlogin\\login\\vendor\\laravel\\framework\\src\\Illuminate\\Routing\\Router.php(658): Illuminate\\Routing\\Router->prepareResponse(Object(Illuminate\\Http\\Request), Object(Illuminate\\View\\View))
#10 D:\\Dropbox\\xampp\\htdocs\\beaconlogin\\login\\vendor\\laravel\\framework\\src\\Illuminate\\Routing\\Pipeline.php(30): Illuminate\\Routing\\Router->Illuminate\\Routing\\{closure}(Object(Illuminate\\Http\\Request))
#11 D:\\Dropbox\\xampp\\htdocs\\beaconlogin\\login\\vendor\\laravel\\framework\\src\\Illuminate\\Routing\\Middleware\\SubstituteBindings.php(41): Illuminate\\Routing\\Pipeline->Illuminate\\Routing\\{closure}(Object(Illuminate\\Http\\Request))
#12 D:\\Dropbox\\xampp\\htdocs\\beaconlogin\\login\\vendor\\laravel\\framework\\src\\Illuminate\\Pipeline\\Pipeline.php(149): Illuminate\\Routing\\Middleware\\SubstituteBindings->handle(Object(Illuminate\\Http\\Request), Object(Closure))
#13 D:\\Dropbox\\xampp\\htdocs\\beaconlogin\\login\\vendor\\laravel\\framework\\src\\Illuminate\\Routing\\Pipeline.php(53): Illuminate\\Pipeline\\Pipeline->Illuminate\\Pipeline\\{closure}(Object(Illuminate\\Http\\Request))
#14 D:\\Dropbox\\xampp\\htdocs\\beaconlogin\\login\\vendor\\laravel\\framework\\src\\Illuminate\\Foundation\\Http\\Middleware\\VerifyCsrfToken.php(67): Illuminate\\Routing\\Pipeline->Illuminate\\Routing\\{closure}(Object(Illuminate\\Http\\Request))
#15 D:\\Dropbox\\xampp\\htdocs\\beaconlogin\\login\\vendor\\laravel\\framework\\src\\Illuminate\\Pipeline\\Pipeline.php(149): Illuminate\\Foundation\\Http\\Middleware\\VerifyCsrfToken->handle(Object(Illuminate\\Http\\Request), Object(Closure))
#16 D:\\Dropbox\\xampp\\htdocs\\beaconlogin\\login\\vendor\\laravel\\framework\\src\\Illuminate\\Routing\\Pipeline.php(53): Illuminate\\Pipeline\\Pipeline->Illuminate\\Pipeline\\{closure}(Object(Illuminate\\Http\\Request))
#17 D:\\Dropbox\\xampp\\htdocs\\beaconlogin\\login\\vendor\\laravel\\framework\\src\\Illuminate\\View\\Middleware\\ShareErrorsFromSession.php(49): Illuminate\\Routing\\Pipeline->Illuminate\\Routing\\{closure}(Object(Illuminate\\Http\\Request))
#18 D:\\Dropbox\\xampp\\htdocs\\beaconlogin\\login\\vendor\\laravel\\framework\\src\\Illuminate\\Pipeline\\Pipeline.php(149): Illuminate\\View\\Middleware\\ShareErrorsFromSession->handle(Object(Illuminate\\Http\\Request), Object(Closure))
#19 D:\\Dropbox\\xampp\\htdocs\\beaconlogin\\login\\vendor\\laravel\\framework\\src\\Illuminate\\Routing\\Pipeline.php(53): Illuminate\\Pipeline\\Pipeline->Illuminate\\Pipeline\\{closure}(Object(Illuminate\\Http\\Request))
#20 D:\\Dropbox\\xampp\\htdocs\\beaconlogin\\login\\vendor\\laravel\\framework\\src\\Illuminate\\Session\\Middleware\\StartSession.php(63): Illuminate\\Routing\\Pipeline->Illuminate\\Routing\\{closure}(Object(Illuminate\\Http\\Request))
#21 D:\\Dropbox\\xampp\\htdocs\\beaconlogin\\login\\vendor\\laravel\\framework\\src\\Illuminate\\Pipeline\\Pipeline.php(149): Illuminate\\Session\\Middleware\\StartSession->handle(Object(Illuminate\\Http\\Request), Object(Closure))
#22 D:\\Dropbox\\xampp\\htdocs\\beaconlogin\\login\\vendor\\laravel\\framework\\src\\Illuminate\\Routing\\Pipeline.php(53): Illuminate\\Pipeline\\Pipeline->Illuminate\\Pipeline\\{closure}(Object(Illuminate\\Http\\Request))
#23 D:\\Dropbox\\xampp\\htdocs\\beaconlogin\\login\\vendor\\laravel\\framework\\src\\Illuminate\\Cookie\\Middleware\\AddQueuedCookiesToResponse.php(37): Illuminate\\Routing\\Pipeline->Illuminate\\Routing\\{closure}(Object(Illuminate\\Http\\Request))
#24 D:\\Dropbox\\xampp\\htdocs\\beaconlogin\\login\\vendor\\laravel\\framework\\src\\Illuminate\\Pipeline\\Pipeline.php(149): Illuminate\\Cookie\\Middleware\\AddQueuedCookiesToResponse->handle(Object(Illuminate\\Http\\Request), Object(Closure))
#25 D:\\Dropbox\\xampp\\htdocs\\beaconlogin\\login\\vendor\\laravel\\framework\\src\\Illuminate\\Routing\\Pipeline.php(53): Illuminate\\Pipeline\\Pipeline->Illuminate\\Pipeline\\{closure}(Object(Illuminate\\Http\\Request))
#26 D:\\Dropbox\\xampp\\htdocs\\beaconlogin\\login\\vendor\\laravel\\framework\\src\\Illuminate\\Cookie\\Middleware\\EncryptCookies.php(59): Illuminate\\Routing\\Pipeline->Illuminate\\Routing\\{closure}(Object(Illuminate\\Http\\Request))
#27 D:\\Dropbox\\xampp\\htdocs\\beaconlogin\\login\\vendor\\laravel\\framework\\src\\Illuminate\\Pipeline\\Pipeline.php(149): Illuminate\\Cookie\\Middleware\\EncryptCookies->handle(Object(Illuminate\\Http\\Request), Object(Closure))
#28 D:\\Dropbox\\xampp\\htdocs\\beaconlogin\\login\\vendor\\laravel\\framework\\src\\Illuminate\\Routing\\Pipeline.php(53): Illuminate\\Pipeline\\Pipeline->Illuminate\\Pipeline\\{closure}(Object(Illuminate\\Http\\Request))
#29 D:\\Dropbox\\xampp\\htdocs\\beaconlogin\\login\\vendor\\laravel\\framework\\src\\Illuminate\\Pipeline\\Pipeline.php(102): Illuminate\\Routing\\Pipeline->Illuminate\\Routing\\{closure}(Object(Illuminate\\Http\\Request))
#30 D:\\Dropbox\\xampp\\htdocs\\beaconlogin\\login\\vendor\\laravel\\framework\\src\\Illuminate\\Routing\\Router.php(660): Illuminate\\Pipeline\\Pipeline->then(Object(Closure))
#31 D:\\Dropbox\\xampp\\htdocs\\beaconlogin\\login\\vendor\\laravel\\framework\\src\\Illuminate\\Routing\\Router.php(635): Illuminate\\Routing\\Router->runRouteWithinStack(Object(Illuminate\\Routing\\Route), Object(Illuminate\\Http\\Request))
#32 D:\\Dropbox\\xampp\\htdocs\\beaconlogin\\login\\vendor\\laravel\\framework\\src\\Illuminate\\Routing\\Router.php(601): Illuminate\\Routing\\Router->runRoute(Object(Illuminate\\Http\\Request), Object(Illuminate\\Routing\\Route))
#33 D:\\Dropbox\\xampp\\htdocs\\beaconlogin\\login\\vendor\\laravel\\framework\\src\\Illuminate\\Routing\\Router.php(590): Illuminate\\Routing\\Router->dispatchToRoute(Object(Illuminate\\Http\\Request))
#34 D:\\Dropbox\\xampp\\htdocs\\beaconlogin\\login\\vendor\\laravel\\framework\\src\\Illuminate\\Foundation\\Http\\Kernel.php(176): Illuminate\\Routing\\Router->dispatch(Object(Illuminate\\Http\\Request))
#35 D:\\Dropbox\\xampp\\htdocs\\beaconlogin\\login\\vendor\\laravel\\framework\\src\\Illuminate\\Routing\\Pipeline.php(30): Illuminate\\Foundation\\Http\\Kernel->Illuminate\\Foundation\\Http\\{closure}(Object(Illuminate\\Http\\Request))
#36 D:\\Dropbox\\xampp\\htdocs\\beaconlogin\\login\\vendor\\fideloper\\proxy\\src\\TrustProxies.php(56): Illuminate\\Routing\\Pipeline->Illuminate\\Routing\\{closure}(Object(Illuminate\\Http\\Request))
#37 D:\\Dropbox\\xampp\\htdocs\\beaconlogin\\login\\vendor\\laravel\\framework\\src\\Illuminate\\Pipeline\\Pipeline.php(149): Fideloper\\Proxy\\TrustProxies->handle(Object(Illuminate\\Http\\Request), Object(Closure))
#38 D:\\Dropbox\\xampp\\htdocs\\beaconlogin\\login\\vendor\\laravel\\framework\\src\\Illuminate\\Routing\\Pipeline.php(53): Illuminate\\Pipeline\\Pipeline->Illuminate\\Pipeline\\{closure}(Object(Illuminate\\Http\\Request))
#39 D:\\Dropbox\\xampp\\htdocs\\beaconlogin\\login\\vendor\\laravel\\framework\\src\\Illuminate\\Foundation\\Http\\Middleware\\TransformsRequest.php(30): Illuminate\\Routing\\Pipeline->Illuminate\\Routing\\{closure}(Object(Illuminate\\Http\\Request))
#40 D:\\Dropbox\\xampp\\htdocs\\beaconlogin\\login\\vendor\\laravel\\framework\\src\\Illuminate\\Pipeline\\Pipeline.php(149): Illuminate\\Foundation\\Http\\Middleware\\TransformsRequest->handle(Object(Illuminate\\Http\\Request), Object(Closure))
#41 D:\\Dropbox\\xampp\\htdocs\\beaconlogin\\login\\vendor\\laravel\\framework\\src\\Illuminate\\Routing\\Pipeline.php(53): Illuminate\\Pipeline\\Pipeline->Illuminate\\Pipeline\\{closure}(Object(Illuminate\\Http\\Request))
#42 D:\\Dropbox\\xampp\\htdocs\\beaconlogin\\login\\vendor\\laravel\\framework\\src\\Illuminate\\Foundation\\Http\\Middleware\\TransformsRequest.php(30): Illuminate\\Routing\\Pipeline->Illuminate\\Routing\\{closure}(Object(Illuminate\\Http\\Request))
#43 D:\\Dropbox\\xampp\\htdocs\\beaconlogin\\login\\vendor\\laravel\\framework\\src\\Illuminate\\Pipeline\\Pipeline.php(149): Illuminate\\Foundation\\Http\\Middleware\\TransformsRequest->handle(Object(Illuminate\\Http\\Request), Object(Closure))
#44 D:\\Dropbox\\xampp\\htdocs\\beaconlogin\\login\\vendor\\laravel\\framework\\src\\Illuminate\\Routing\\Pipeline.php(53): Illuminate\\Pipeline\\Pipeline->Illuminate\\Pipeline\\{closure}(Object(Illuminate\\Http\\Request))
#45 D:\\Dropbox\\xampp\\htdocs\\beaconlogin\\login\\vendor\\laravel\\framework\\src\\Illuminate\\Foundation\\Http\\Middleware\\ValidatePostSize.php(27): Illuminate\\Routing\\Pipeline->Illuminate\\Routing\\{closure}(Object(Illuminate\\Http\\Request))
#46 D:\\Dropbox\\xampp\\htdocs\\beaconlogin\\login\\vendor\\laravel\\framework\\src\\Illuminate\\Pipeline\\Pipeline.php(149): Illuminate\\Foundation\\Http\\Middleware\\ValidatePostSize->handle(Object(Illuminate\\Http\\Request), Object(Closure))
#47 D:\\Dropbox\\xampp\\htdocs\\beaconlogin\\login\\vendor\\laravel\\framework\\src\\Illuminate\\Routing\\Pipeline.php(53): Illuminate\\Pipeline\\Pipeline->Illuminate\\Pipeline\\{closure}(Object(Illuminate\\Http\\Request))
#48 D:\\Dropbox\\xampp\\htdocs\\beaconlogin\\login\\vendor\\laravel\\framework\\src\\Illuminate\\Foundation\\Http\\Middleware\\CheckForMaintenanceMode.php(46): Illuminate\\Routing\\Pipeline->Illuminate\\Routing\\{closure}(Object(Illuminate\\Http\\Request))
#49 D:\\Dropbox\\xampp\\htdocs\\beaconlogin\\login\\vendor\\laravel\\framework\\src\\Illuminate\\Pipeline\\Pipeline.php(149): Illuminate\\Foundation\\Http\\Middleware\\CheckForMaintenanceMode->handle(Object(Illuminate\\Http\\Request), Object(Closure))
#50 D:\\Dropbox\\xampp\\htdocs\\beaconlogin\\login\\vendor\\laravel\\framework\\src\\Illuminate\\Routing\\Pipeline.php(53): Illuminate\\Pipeline\\Pipeline->Illuminate\\Pipeline\\{closure}(Object(Illuminate\\Http\\Request))
#51 D:\\Dropbox\\xampp\\htdocs\\beaconlogin\\login\\vendor\\laravel\\framework\\src\\Illuminate\\Pipeline\\Pipeline.php(102): Illuminate\\Routing\\Pipeline->Illuminate\\Routing\\{closure}(Object(Illuminate\\Http\\Request))
#52 D:\\Dropbox\\xampp\\htdocs\\beaconlogin\\login\\vendor\\laravel\\framework\\src\\Illuminate\\Foundation\\Http\\Kernel.php(151): Illuminate\\Pipeline\\Pipeline->then(Object(Closure))
#53 D:\\Dropbox\\xampp\\htdocs\\beaconlogin\\login\\vendor\\laravel\\framework\\src\\Illuminate\\Foundation\\Http\\Kernel.php(116): Illuminate\\Foundation\\Http\\Kernel->sendRequestThroughRouter(Object(Illuminate\\Http\\Request))
#54 D:\\Dropbox\\xampp\\htdocs\\beaconlogin\\login\\public\\index.php(55): Illuminate\\Foundation\\Http\\Kernel->handle(Object(Illuminate\\Http\\Request))
#55 D:\\Dropbox\\xampp\\htdocs\\beaconlogin\\login\\server.php(21): require_once('D:\\\\Dropbox\\\\xamp...')
#56 {main}
"} 
[2018-06-27 06:01:14] local.ERROR: Undefined variable: recent (View: D:\Dropbox\xampp\htdocs\beaconlogin\login\resources\views\blog.blade.php) {"exception":"[object] (ErrorException(code: 0): Undefined variable: recent (View: D:\\Dropbox\\xampp\\htdocs\\beaconlogin\\login\esources\\views\\blog.blade.php) at D:\\Dropbox\\xampp\\htdocs\\beaconlogin\\login\\storage\\framework\\views\\a8e4784a6acfe545a6ac6aca633e31e28c246e81.php:133, ErrorException(code: 0): Undefined variable: recent at D:\\Dropbox\\xampp\\htdocs\\beaconlogin\\login\\storage\\framework\\views\\a8e4784a6acfe545a6ac6aca633e31e28c246e81.php:133)
[stacktrace]
#0 D:\\Dropbox\\xampp\\htdocs\\beaconlogin\\login\\vendor\\laravel\\framework\\src\\Illuminate\\View\\Engines\\PhpEngine.php(45): Illuminate\\View\\Engines\\CompilerEngine->handleViewException(Object(ErrorException), 1)
#1 D:\\Dropbox\\xampp\\htdocs\\beaconlogin\\login\\vendor\\laravel\\framework\\src\\Illuminate\\View\\Engines\\CompilerEngine.php(59): Illuminate\\View\\Engines\\PhpEngine->evaluatePath('D:\\\\Dropbox\\\\xamp...', Array)
#2 D:\\Dropbox\\xampp\\htdocs\\beaconlogin\\login\\vendor\\laravel\\framework\\src\\Illuminate\\View\\View.php(137): Illuminate\\View\\Engines\\CompilerEngine->get('D:\\\\Dropbox\\\\xamp...', Array)
#3 D:\\Dropbox\\xampp\\htdocs\\beaconlogin\\login\\vendor\\laravel\\framework\\src\\Illuminate\\View\\View.php(120): Illuminate\\View\\View->getContents()
#4 D:\\Dropbox\\xampp\\htdocs\\beaconlogin\\login\\vendor\\laravel\\framework\\src\\Illuminate\\View\\View.php(85): Illuminate\\View\\View->renderContents()
#5 D:\\Dropbox\\xampp\\htdocs\\beaconlogin\\login\\vendor\\laravel\\framework\\src\\Illuminate\\Http\\Response.php(42): Illuminate\\View\\View->render()
#6 D:\\Dropbox\\xampp\\htdocs\\beaconlogin\\login\\vendor\\symfony\\http-foundation\\Response.php(200): Illuminate\\Http\\Response->setContent(Object(Illuminate\\View\\View))
#7 D:\\Dropbox\\xampp\\htdocs\\beaconlogin\\login\\vendor\\laravel\\framework\\src\\Illuminate\\Routing\\Router.php(724): Symfony\\Component\\HttpFoundation\\Response->__construct(Object(Illuminate\\View\\View))
#8 D:\\Dropbox\\xampp\\htdocs\\beaconlogin\\login\\vendor\\laravel\\framework\\src\\Illuminate\\Routing\\Router.php(698): Illuminate\\Routing\\Router::toResponse(Object(Illuminate\\Http\\Request), Object(Illuminate\\View\\View))
#9 D:\\Dropbox\\xampp\\htdocs\\beaconlogin\\login\\vendor\\laravel\\framework\\src\\Illuminate\\Routing\\Router.php(658): Illuminate\\Routing\\Router->prepareResponse(Object(Illuminate\\Http\\Request), Object(Illuminate\\View\\View))
#10 D:\\Dropbox\\xampp\\htdocs\\beaconlogin\\login\\vendor\\laravel\\framework\\src\\Illuminate\\Routing\\Pipeline.php(30): Illuminate\\Routing\\Router->Illuminate\\Routing\\{closure}(Object(Illuminate\\Http\\Request))
#11 D:\\Dropbox\\xampp\\htdocs\\beaconlogin\\login\\vendor\\laravel\\framework\\src\\Illuminate\\Routing\\Middleware\\SubstituteBindings.php(41): Illuminate\\Routing\\Pipeline->Illuminate\\Routing\\{closure}(Object(Illuminate\\Http\\Request))
#12 D:\\Dropbox\\xampp\\htdocs\\beaconlogin\\login\\vendor\\laravel\\framework\\src\\Illuminate\\Pipeline\\Pipeline.php(149): Illuminate\\Routing\\Middleware\\SubstituteBindings->handle(Object(Illuminate\\Http\\Request), Object(Closure))
#13 D:\\Dropbox\\xampp\\htdocs\\beaconlogin\\login\\vendor\\laravel\\framework\\src\\Illuminate\\Routing\\Pipeline.php(53): Illuminate\\Pipeline\\Pipeline->Illuminate\\Pipeline\\{closure}(Object(Illuminate\\Http\\Request))
#14 D:\\Dropbox\\xampp\\htdocs\\beaconlogin\\login\\vendor\\laravel\\framework\\src\\Illuminate\\Foundation\\Http\\Middleware\\VerifyCsrfToken.php(67): Illuminate\\Routing\\Pipeline->Illuminate\\Routing\\{closure}(Object(Illuminate\\Http\\Request))
#15 D:\\Dropbox\\xampp\\htdocs\\beaconlogin\\login\\vendor\\laravel\\framework\\src\\Illuminate\\Pipeline\\Pipeline.php(149): Illuminate\\Foundation\\Http\\Middleware\\VerifyCsrfToken->handle(Object(Illuminate\\Http\\Request), Object(Closure))
#16 D:\\Dropbox\\xampp\\htdocs\\beaconlogin\\login\\vendor\\laravel\\framework\\src\\Illuminate\\Routing\\Pipeline.php(53): Illuminate\\Pipeline\\Pipeline->Illuminate\\Pipeline\\{closure}(Object(Illuminate\\Http\\Request))
#17 D:\\Dropbox\\xampp\\htdocs\\beaconlogin\\login\\vendor\\laravel\\framework\\src\\Illuminate\\View\\Middleware\\ShareErrorsFromSession.php(49): Illuminate\\Routing\\Pipeline->Illuminate\\Routing\\{closure}(Object(Illuminate\\Http\\Request))
#18 D:\\Dropbox\\xampp\\htdocs\\beaconlogin\\login\\vendor\\laravel\\framework\\src\\Illuminate\\Pipeline\\Pipeline.php(149): Illuminate\\View\\Middleware\\ShareErrorsFromSession->handle(Object(Illuminate\\Http\\Request), Object(Closure))
#19 D:\\Dropbox\\xampp\\htdocs\\beaconlogin\\login\\vendor\\laravel\\framework\\src\\Illuminate\\Routing\\Pipeline.php(53): Illuminate\\Pipeline\\Pipeline->Illuminate\\Pipeline\\{closure}(Object(Illuminate\\Http\\Request))
#20 D:\\Dropbox\\xampp\\htdocs\\beaconlogin\\login\\vendor\\laravel\\framework\\src\\Illuminate\\Session\\Middleware\\StartSession.php(63): Illuminate\\Routing\\Pipeline->Illuminate\\Routing\\{closure}(Object(Illuminate\\Http\\Request))
#21 D:\\Dropbox\\xampp\\htdocs\\beaconlogin\\login\\vendor\\laravel\\framework\\src\\Illuminate\\Pipeline\\Pipeline.php(149): Illuminate\\Session\\Middleware\\StartSession->handle(Object(Illuminate\\Http\\Request), Object(Closure))
#22 D:\\Dropbox\\xampp\\htdocs\\beaconlogin\\login\\vendor\\laravel\\framework\\src\\Illuminate\\Routing\\Pipeline.php(53): Illuminate\\Pipeline\\Pipeline->Illuminate\\Pipeline\\{closure}(Object(Illuminate\\Http\\Request))
#23 D:\\Dropbox\\xampp\\htdocs\\beaconlogin\\login\\vendor\\laravel\\framework\\src\\Illuminate\\Cookie\\Middleware\\AddQueuedCookiesToResponse.php(37): Illuminate\\Routing\\Pipeline->Illuminate\\Routing\\{closure}(Object(Illuminate\\Http\\Request))
#24 D:\\Dropbox\\xampp\\htdocs\\beaconlogin\\login\\vendor\\laravel\\framework\\src\\Illuminate\\Pipeline\\Pipeline.php(149): Illuminate\\Cookie\\Middleware\\AddQueuedCookiesToResponse->handle(Object(Illuminate\\Http\\Request), Object(Closure))
#25 D:\\Dropbox\\xampp\\htdocs\\beaconlogin\\login\\vendor\\laravel\\framework\\src\\Illuminate\\Routing\\Pipeline.php(53): Illuminate\\Pipeline\\Pipeline->Illuminate\\Pipeline\\{closure}(Object(Illuminate\\Http\\Request))
#26 D:\\Dropbox\\xampp\\htdocs\\beaconlogin\\login\\vendor\\laravel\\framework\\src\\Illuminate\\Cookie\\Middleware\\EncryptCookies.php(59): Illuminate\\Routing\\Pipeline->Illuminate\\Routing\\{closure}(Object(Illuminate\\Http\\Request))
#27 D:\\Dropbox\\xampp\\htdocs\\beaconlogin\\login\\vendor\\laravel\\framework\\src\\Illuminate\\Pipeline\\Pipeline.php(149): Illuminate\\Cookie\\Middleware\\EncryptCookies->handle(Object(Illuminate\\Http\\Request), Object(Closure))
#28 D:\\Dropbox\\xampp\\htdocs\\beaconlogin\\login\\vendor\\laravel\\framework\\src\\Illuminate\\Routing\\Pipeline.php(53): Illuminate\\Pipeline\\Pipeline->Illuminate\\Pipeline\\{closure}(Object(Illuminate\\Http\\Request))
#29 D:\\Dropbox\\xampp\\htdocs\\beaconlogin\\login\\vendor\\laravel\\framework\\src\\Illuminate\\Pipeline\\Pipeline.php(102): Illuminate\\Routing\\Pipeline->Illuminate\\Routing\\{closure}(Object(Illuminate\\Http\\Request))
#30 D:\\Dropbox\\xampp\\htdocs\\beaconlogin\\login\\vendor\\laravel\\framework\\src\\Illuminate\\Routing\\Router.php(660): Illuminate\\Pipeline\\Pipeline->then(Object(Closure))
#31 D:\\Dropbox\\xampp\\htdocs\\beaconlogin\\login\\vendor\\laravel\\framework\\src\\Illuminate\\Routing\\Router.php(635): Illuminate\\Routing\\Router->runRouteWithinStack(Object(Illuminate\\Routing\\Route), Object(Illuminate\\Http\\Request))
#32 D:\\Dropbox\\xampp\\htdocs\\beaconlogin\\login\\vendor\\laravel\\framework\\src\\Illuminate\\Routing\\Router.php(601): Illuminate\\Routing\\Router->runRoute(Object(Illuminate\\Http\\Request), Object(Illuminate\\Routing\\Route))
#33 D:\\Dropbox\\xampp\\htdocs\\beaconlogin\\login\\vendor\\laravel\\framework\\src\\Illuminate\\Routing\\Router.php(590): Illuminate\\Routing\\Router->dispatchToRoute(Object(Illuminate\\Http\\Request))
#34 D:\\Dropbox\\xampp\\htdocs\\beaconlogin\\login\\vendor\\laravel\\framework\\src\\Illuminate\\Foundation\\Http\\Kernel.php(176): Illuminate\\Routing\\Router->dispatch(Object(Illuminate\\Http\\Request))
#35 D:\\Dropbox\\xampp\\htdocs\\beaconlogin\\login\\vendor\\laravel\\framework\\src\\Illuminate\\Routing\\Pipeline.php(30): Illuminate\\Foundation\\Http\\Kernel->Illuminate\\Foundation\\Http\\{closure}(Object(Illuminate\\Http\\Request))
#36 D:\\Dropbox\\xampp\\htdocs\\beaconlogin\\login\\vendor\\fideloper\\proxy\\src\\TrustProxies.php(56): Illuminate\\Routing\\Pipeline->Illuminate\\Routing\\{closure}(Object(Illuminate\\Http\\Request))
#37 D:\\Dropbox\\xampp\\htdocs\\beaconlogin\\login\\vendor\\laravel\\framework\\src\\Illuminate\\Pipeline\\Pipeline.php(149): Fideloper\\Proxy\\TrustProxies->handle(Object(Illuminate\\Http\\Request), Object(Closure))
#38 D:\\Dropbox\\xampp\\htdocs\\beaconlogin\\login\\vendor\\laravel\\framework\\src\\Illuminate\\Routing\\Pipeline.php(53): Illuminate\\Pipeline\\Pipeline->Illuminate\\Pipeline\\{closure}(Object(Illuminate\\Http\\Request))
#39 D:\\Dropbox\\xampp\\htdocs\\beaconlogin\\login\\vendor\\laravel\\framework\\src\\Illuminate\\Foundation\\Http\\Middleware\\TransformsRequest.php(30): Illuminate\\Routing\\Pipeline->Illuminate\\Routing\\{closure}(Object(Illuminate\\Http\\Request))
#40 D:\\Dropbox\\xampp\\htdocs\\beaconlogin\\login\\vendor\\laravel\\framework\\src\\Illuminate\\Pipeline\\Pipeline.php(149): Illuminate\\Foundation\\Http\\Middleware\\TransformsRequest->handle(Object(Illuminate\\Http\\Request), Object(Closure))
#41 D:\\Dropbox\\xampp\\htdocs\\beaconlogin\\login\\vendor\\laravel\\framework\\src\\Illuminate\\Routing\\Pipeline.php(53): Illuminate\\Pipeline\\Pipeline->Illuminate\\Pipeline\\{closure}(Object(Illuminate\\Http\\Request))
#42 D:\\Dropbox\\xampp\\htdocs\\beaconlogin\\login\\vendor\\laravel\\framework\\src\\Illuminate\\Foundation\\Http\\Middleware\\TransformsRequest.php(30): Illuminate\\Routing\\Pipeline->Illuminate\\Routing\\{closure}(Object(Illuminate\\Http\\Request))
#43 D:\\Dropbox\\xampp\\htdocs\\beaconlogin\\login\\vendor\\laravel\\framework\\src\\Illuminate\\Pipeline\\Pipeline.php(149): Illuminate\\Foundation\\Http\\Middleware\\TransformsRequest->handle(Object(Illuminate\\Http\\Request), Object(Closure))
#44 D:\\Dropbox\\xampp\\htdocs\\beaconlogin\\login\\vendor\\laravel\\framework\\src\\Illuminate\\Routing\\Pipeline.php(53): Illuminate\\Pipeline\\Pipeline->Illuminate\\Pipeline\\{closure}(Object(Illuminate\\Http\\Request))
#45 D:\\Dropbox\\xampp\\htdocs\\beaconlogin\\login\\vendor\\laravel\\framework\\src\\Illuminate\\Foundation\\Http\\Middleware\\ValidatePostSize.php(27): Illuminate\\Routing\\Pipeline->Illuminate\\Routing\\{closure}(Object(Illuminate\\Http\\Request))
#46 D:\\Dropbox\\xampp\\htdocs\\beaconlogin\\login\\vendor\\laravel\\framework\\src\\Illuminate\\Pipeline\\Pipeline.php(149): Illuminate\\Foundation\\Http\\Middleware\\ValidatePostSize->handle(Object(Illuminate\\Http\\Request), Object(Closure))
#47 D:\\Dropbox\\xampp\\htdocs\\beaconlogin\\login\\vendor\\laravel\\framework\\src\\Illuminate\\Routing\\Pipeline.php(53): Illuminate\\Pipeline\\Pipeline->Illuminate\\Pipeline\\{closure}(Object(Illuminate\\Http\\Request))
#48 D:\\Dropbox\\xampp\\htdocs\\beaconlogin\\login\\vendor\\laravel\\framework\\src\\Illuminate\\Foundation\\Http\\Middleware\\CheckForMaintenanceMode.php(46): Illuminate\\Routing\\Pipeline->Illuminate\\Routing\\{closure}(Object(Illuminate\\Http\\Request))
#49 D:\\Dropbox\\xampp\\htdocs\\beaconlogin\\login\\vendor\\laravel\\framework\\src\\Illuminate\\Pipeline\\Pipeline.php(149): Illuminate\\Foundation\\Http\\Middleware\\CheckForMaintenanceMode->handle(Object(Illuminate\\Http\\Request), Object(Closure))
#50 D:\\Dropbox\\xampp\\htdocs\\beaconlogin\\login\\vendor\\laravel\\framework\\src\\Illuminate\\Routing\\Pipeline.php(53): Illuminate\\Pipeline\\Pipeline->Illuminate\\Pipeline\\{closure}(Object(Illuminate\\Http\\Request))
#51 D:\\Dropbox\\xampp\\htdocs\\beaconlogin\\login\\vendor\\laravel\\framework\\src\\Illuminate\\Pipeline\\Pipeline.php(102): Illuminate\\Routing\\Pipeline->Illuminate\\Routing\\{closure}(Object(Illuminate\\Http\\Request))
#52 D:\\Dropbox\\xampp\\htdocs\\beaconlogin\\login\\vendor\\laravel\\framework\\src\\Illuminate\\Foundation\\Http\\Kernel.php(151): Illuminate\\Pipeline\\Pipeline->then(Object(Closure))
#53 D:\\Dropbox\\xampp\\htdocs\\beaconlogin\\login\\vendor\\laravel\\framework\\src\\Illuminate\\Foundation\\Http\\Kernel.php(116): Illuminate\\Foundation\\Http\\Kernel->sendRequestThroughRouter(Object(Illuminate\\Http\\Request))
#54 D:\\Dropbox\\xampp\\htdocs\\beaconlogin\\login\\public\\index.php(55): Illuminate\\Foundation\\Http\\Kernel->handle(Object(Illuminate\\Http\\Request))
#55 D:\\Dropbox\\xampp\\htdocs\\beaconlogin\\login\\server.php(21): require_once('D:\\\\Dropbox\\\\xamp...')
#56 {main}
"} 
