[2018-06-20 04:58:25] local.ERROR: SQLSTATE[HY000] [2002] No connection could be made because the target machine actively refused it.
 {"exception":"[object] (Doctrine\\DBAL\\Driver\\PDOException(code: 2002): SQLSTATE[HY000] [2002] No connection could be made because the target machine actively refused it.
 at D:\\Dropbox\\xampp\\htdocs\\beaconlogin\\login\\vendor\\doctrine\\dbal\\lib\\Doctrine\\DBAL\\Driver\\PDOConnection.php:47, PDOException(code: 2002): SQLSTATE[HY000] [2002] No connection could be made because the target machine actively refused it.
 at D:\\Dropbox\\xampp\\htdocs\\beaconlogin\\login\\vendor\\doctrine\\dbal\\lib\\Doctrine\\DBAL\\Driver\\PDOConnection.php:43)
[stacktrace]
#0 D:\\Dropbox\\xampp\\htdocs\\beaconlogin\\login\\vendor\\laravel\\framework\\src\\Illuminate\\Database\\Connectors\\Connector.php(64): Doctrine\\DBAL\\Driver\\PDOConnection->__construct('mysql:host=127....', 'root', '', Array)
#1 D:\\Dropbox\\xampp\\htdocs\\beaconlogin\\login\\vendor\\laravel\\framework\\src\\Illuminate\\Database\\Connectors\\Connector.php(43): Illuminate\\Database\\Connectors\\Connector->createPdoConnection('mysql:host=127....', 'root', '', Array)
#2 D:\\Dropbox\\xampp\\htdocs\\beaconlogin\\login\\vendor\\laravel\\framework\\src\\Illuminate\\Database\\Connectors\\MySqlConnector.php(24): Illuminate\\Database\\Connectors\\Connector->createConnection('mysql:host=127....', Array, Array)
#3 D:\\Dropbox\\xampp\\htdocs\\beaconlogin\\login\\vendor\\laravel\\framework\\src\\Illuminate\\Database\\Connectors\\ConnectionFactory.php(183): Illuminate\\Database\\Connectors\\MySqlConnector->connect(Array)
#4 [internal function]: Illuminate\\Database\\Connectors\\ConnectionFactory->Illuminate\\Database\\Connectors\\{closure}()
#5 D:\\Dropbox\\xampp\\htdocs\\beaconlogin\\login\\vendor\\laravel\\framework\\src\\Illuminate\\Database\\Connection.php(915): call_user_func(Object(Closure))
#6 D:\\Dropbox\\xampp\\htdocs\\beaconlogin\\login\\vendor\\laravel\\framework\\src\\Illuminate\\Database\\Connection.php(940): Illuminate\\Database\\Connection->getPdo()
#7 D:\\Dropbox\\xampp\\htdocs\\beaconlogin\\login\\vendor\\laravel\\framework\\src\\Illuminate\\Database\\Connection.php(399): Illuminate\\Database\\Connection->getReadPdo()
#8 D:\\Dropbox\\xampp\\htdocs\\beaconlogin\\login\\vendor\\laravel\\framework\\src\\Illuminate\\Database\\Connection.php(325): Illuminate\\Database\\Connection->getPdoForSelect(true)
#9 D:\\Dropbox\\xampp\\htdocs\\beaconlogin\\login\\vendor\\laravel\\framework\\src\\Illuminate\\Database\\Connection.php(657): Illuminate\\Database\\Connection->Illuminate\\Database\\{closure}('SELECT DISTINCT...', Array)
#10 D:\\Dropbox\\xampp\\htdocs\\beaconlogin\\login\\vendor\\laravel\\framework\\src\\Illuminate\\Database\\Connection.php(624): Illuminate\\Database\\Connection->runQueryCallback('SELECT DISTINCT...', Array, Object(Closure))
#11 D:\\Dropbox\\xampp\\htdocs\\beaconlogin\\login\\vendor\\laravel\\framework\\src\\Illuminate\\Database\\Connection.php(333): Illuminate\\Database\\Connection->run('SELECT DISTINCT...', Array, Object(Closure))
#12 D:\\Dropbox\\xampp\\htdocs\\beaconlogin\\login\\vendor\\laravel\\framework\\src\\Illuminate\\Database\\Eloquent\\Builder.php(276): Illuminate\\Database\\Connection->select('SELECT DISTINCT...', Array)
#13 D:\\Dropbox\\xampp\\htdocs\\beaconlogin\\login\\vendor\\laravel\\framework\\src\\Illuminate\\Database\\Eloquent\\Model.php(1470): Illuminate\\Database\\Eloquent\\Builder->fromQuery('SELECT DISTINCT...', Array)
#14 D:\\Dropbox\\xampp\\htdocs\\beaconlogin\\login\\vendor\\laravel\\framework\\src\\Illuminate\\Database\\Eloquent\\Model.php(1482): Illuminate\\Database\\Eloquent\\Model->__call('fromQuery', Array)
#15 D:\\Dropbox\\xampp\\htdocs\\beaconlogin\\login\\vendor\\cviebrock\\eloquent-taggable\\src\\Services\\TagService.php(188): Illuminate\\Database\\Eloquent\\Model::__callStatic('fromQuery', Array)
#16 D:\\Dropbox\\xampp\\htdocs\\beaconlogin\\login\\vendor\\cviebrock\\eloquent-taggable\\src\\Taggable.php(356): Cviebrock\\EloquentTaggable\\Services\\TagService->getAllTags('App\\\\Blog')
#17 D:\\Dropbox\\xampp\\htdocs\\beaconlogin\\login\\vendor\\cviebrock\\eloquent-taggable\\src\\Taggable.php(367): App\\Blog::allTagModels()
#18 D:\\Dropbox\\xampp\\htdocs\\beaconlogin\\login\\app\\Http\\Controllers\\BlogController.php(21): App\\Blog::allTags()
#19 [internal function]: App\\Http\\Controllers\\BlogController->__construct()
#20 D:\\Dropbox\\xampp\\htdocs\\beaconlogin\\login\\vendor\\laravel\\framework\\src\\Illuminate\\Container\\Container.php(785): ReflectionClass->newInstanceArgs(Array)
#21 D:\\Dropbox\\xampp\\htdocs\\beaconlogin\\login\\vendor\\laravel\\framework\\src\\Illuminate\\Container\\Container.php(631): Illuminate\\Container\\Container->build('App\\\\Http\\\\Contro...')
#22 D:\\Dropbox\\xampp\\htdocs\\beaconlogin\\login\\vendor\\laravel\\framework\\src\\Illuminate\\Container\\Container.php(586): Illuminate\\Container\\Container->resolve('App\\\\Http\\\\Contro...', Array)
#23 D:\\Dropbox\\xampp\\htdocs\\beaconlogin\\login\\vendor\\laravel\\framework\\src\\Illuminate\\Foundation\\Application.php(732): Illuminate\\Container\\Container->make('App\\\\Http\\\\Contro...', Array)
#24 D:\\Dropbox\\xampp\\htdocs\\beaconlogin\\login\\vendor\\laravel\\framework\\src\\Illuminate\\Routing\\Route.php(226): Illuminate\\Foundation\\Application->make('App\\\\Http\\\\Contro...')
#25 D:\\Dropbox\\xampp\\htdocs\\beaconlogin\\login\\vendor\\laravel\\framework\\src\\Illuminate\\Routing\\Route.php(796): Illuminate\\Routing\\Route->getController()
#26 D:\\Dropbox\\xampp\\htdocs\\beaconlogin\\login\\vendor\\laravel\\framework\\src\\Illuminate\\Routing\\Route.php(757): Illuminate\\Routing\\Route->controllerMiddleware()
#27 D:\\Dropbox\\xampp\\htdocs\\beaconlogin\\login\\vendor\\laravel\\framework\\src\\Illuminate\\Routing\\Router.php(671): Illuminate\\Routing\\Route->gatherMiddleware()
#28 D:\\Dropbox\\xampp\\htdocs\\beaconlogin\\login\\vendor\\laravel\\framework\\src\\Illuminate\\Routing\\Router.php(651): Illuminate\\Routing\\Router->gatherRouteMiddleware(Object(Illuminate\\Routing\\Route))
#29 D:\\Dropbox\\xampp\\htdocs\\beaconlogin\\login\\vendor\\laravel\\framework\\src\\Illuminate\\Routing\\Router.php(635): Illuminate\\Routing\\Router->runRouteWithinStack(Object(Illuminate\\Routing\\Route), Object(Illuminate\\Http\\Request))
#30 D:\\Dropbox\\xampp\\htdocs\\beaconlogin\\login\\vendor\\laravel\\framework\\src\\Illuminate\\Routing\\Router.php(601): Illuminate\\Routing\\Router->runRoute(Object(Illuminate\\Http\\Request), Object(Illuminate\\Routing\\Route))
#31 D:\\Dropbox\\xampp\\htdocs\\beaconlogin\\login\\vendor\\laravel\\framework\\src\\Illuminate\\Routing\\Router.php(590): Illuminate\\Routing\\Router->dispatchToRoute(Object(Illuminate\\Http\\Request))
#32 D:\\Dropbox\\xampp\\htdocs\\beaconlogin\\login\\vendor\\laravel\\framework\\src\\Illuminate\\Foundation\\Http\\Kernel.php(176): Illuminate\\Routing\\Router->dispatch(Object(Illuminate\\Http\\Request))
#33 D:\\Dropbox\\xampp\\htdocs\\beaconlogin\\login\\vendor\\laravel\\framework\\src\\Illuminate\\Routing\\Pipeline.php(30): Illuminate\\Foundation\\Http\\Kernel->Illuminate\\Foundation\\Http\\{closure}(Object(Illuminate\\Http\\Request))
#34 D:\\Dropbox\\xampp\\htdocs\\beaconlogin\\login\\vendor\\fideloper\\proxy\\src\\TrustProxies.php(56): Illuminate\\Routing\\Pipeline->Illuminate\\Routing\\{closure}(Object(Illuminate\\Http\\Request))
#35 D:\\Dropbox\\xampp\\htdocs\\beaconlogin\\login\\vendor\\laravel\\framework\\src\\Illuminate\\Pipeline\\Pipeline.php(149): Fideloper\\Proxy\\TrustProxies->handle(Object(Illuminate\\Http\\Request), Object(Closure))
#36 D:\\Dropbox\\xampp\\htdocs\\beaconlogin\\login\\vendor\\laravel\\framework\\src\\Illuminate\\Routing\\Pipeline.php(53): Illuminate\\Pipeline\\Pipeline->Illuminate\\Pipeline\\{closure}(Object(Illuminate\\Http\\Request))
#37 D:\\Dropbox\\xampp\\htdocs\\beaconlogin\\login\\vendor\\laravel\\framework\\src\\Illuminate\\Foundation\\Http\\Middleware\\TransformsRequest.php(30): Illuminate\\Routing\\Pipeline->Illuminate\\Routing\\{closure}(Object(Illuminate\\Http\\Request))
#38 D:\\Dropbox\\xampp\\htdocs\\beaconlogin\\login\\vendor\\laravel\\framework\\src\\Illuminate\\Pipeline\\Pipeline.php(149): Illuminate\\Foundation\\Http\\Middleware\\TransformsRequest->handle(Object(Illuminate\\Http\\Request), Object(Closure))
#39 D:\\Dropbox\\xampp\\htdocs\\beaconlogin\\login\\vendor\\laravel\\framework\\src\\Illuminate\\Routing\\Pipeline.php(53): Illuminate\\Pipeline\\Pipeline->Illuminate\\Pipeline\\{closure}(Object(Illuminate\\Http\\Request))
#40 D:\\Dropbox\\xampp\\htdocs\\beaconlogin\\login\\vendor\\laravel\\framework\\src\\Illuminate\\Foundation\\Http\\Middleware\\TransformsRequest.php(30): Illuminate\\Routing\\Pipeline->Illuminate\\Routing\\{closure}(Object(Illuminate\\Http\\Request))
#41 D:\\Dropbox\\xampp\\htdocs\\beaconlogin\\login\\vendor\\laravel\\framework\\src\\Illuminate\\Pipeline\\Pipeline.php(149): Illuminate\\Foundation\\Http\\Middleware\\TransformsRequest->handle(Object(Illuminate\\Http\\Request), Object(Closure))
#42 D:\\Dropbox\\xampp\\htdocs\\beaconlogin\\login\\vendor\\laravel\\framework\\src\\Illuminate\\Routing\\Pipeline.php(53): Illuminate\\Pipeline\\Pipeline->Illuminate\\Pipeline\\{closure}(Object(Illuminate\\Http\\Request))
#43 D:\\Dropbox\\xampp\\htdocs\\beaconlogin\\login\\vendor\\laravel\\framework\\src\\Illuminate\\Foundation\\Http\\Middleware\\ValidatePostSize.php(27): Illuminate\\Routing\\Pipeline->Illuminate\\Routing\\{closure}(Object(Illuminate\\Http\\Request))
#44 D:\\Dropbox\\xampp\\htdocs\\beaconlogin\\login\\vendor\\laravel\\framework\\src\\Illuminate\\Pipeline\\Pipeline.php(149): Illuminate\\Foundation\\Http\\Middleware\\ValidatePostSize->handle(Object(Illuminate\\Http\\Request), Object(Closure))
#45 D:\\Dropbox\\xampp\\htdocs\\beaconlogin\\login\\vendor\\laravel\\framework\\src\\Illuminate\\Routing\\Pipeline.php(53): Illuminate\\Pipeline\\Pipeline->Illuminate\\Pipeline\\{closure}(Object(Illuminate\\Http\\Request))
#46 D:\\Dropbox\\xampp\\htdocs\\beaconlogin\\login\\vendor\\laravel\\framework\\src\\Illuminate\\Foundation\\Http\\Middleware\\CheckForMaintenanceMode.php(46): Illuminate\\Routing\\Pipeline->Illuminate\\Routing\\{closure}(Object(Illuminate\\Http\\Request))
#47 D:\\Dropbox\\xampp\\htdocs\\beaconlogin\\login\\vendor\\laravel\\framework\\src\\Illuminate\\Pipeline\\Pipeline.php(149): Illuminate\\Foundation\\Http\\Middleware\\CheckForMaintenanceMode->handle(Object(Illuminate\\Http\\Request), Object(Closure))
#48 D:\\Dropbox\\xampp\\htdocs\\beaconlogin\\login\\vendor\\laravel\\framework\\src\\Illuminate\\Routing\\Pipeline.php(53): Illuminate\\Pipeline\\Pipeline->Illuminate\\Pipeline\\{closure}(Object(Illuminate\\Http\\Request))
#49 D:\\Dropbox\\xampp\\htdocs\\beaconlogin\\login\\vendor\\laravel\\framework\\src\\Illuminate\\Pipeline\\Pipeline.php(102): Illuminate\\Routing\\Pipeline->Illuminate\\Routing\\{closure}(Object(Illuminate\\Http\\Request))
#50 D:\\Dropbox\\xampp\\htdocs\\beaconlogin\\login\\vendor\\laravel\\framework\\src\\Illuminate\\Foundation\\Http\\Kernel.php(151): Illuminate\\Pipeline\\Pipeline->then(Object(Closure))
#51 D:\\Dropbox\\xampp\\htdocs\\beaconlogin\\login\\vendor\\laravel\\framework\\src\\Illuminate\\Foundation\\Http\\Kernel.php(116): Illuminate\\Foundation\\Http\\Kernel->sendRequestThroughRouter(Object(Illuminate\\Http\\Request))
#52 D:\\Dropbox\\xampp\\htdocs\\beaconlogin\\login\\public\\index.php(55): Illuminate\\Foundation\\Http\\Kernel->handle(Object(Illuminate\\Http\\Request))
#53 D:\\Dropbox\\xampp\\htdocs\\beaconlogin\\login\\server.php(21): require_once('D:\\\\Dropbox\\\\xamp...')
#54 {main}
"} 
[2018-06-20 04:58:25] local.ERROR: SQLSTATE[HY000] [2002] No connection could be made because the target machine actively refused it.
 (SQL: SELECT DISTINCT t.* FROM taggable_taggables tt LEFT JOIN taggable_tags t ON tt.tag_id=t.tag_id WHERE tt.taggable_type = App\Blog) {"exception":"[object] (Illuminate\\Database\\QueryException(code: 2002): SQLSTATE[HY000] [2002] No connection could be made because the target machine actively refused it.
 (SQL: SELECT DISTINCT t.* FROM taggable_taggables tt LEFT JOIN taggable_tags t ON tt.tag_id=t.tag_id WHERE tt.taggable_type = App\\Blog) at D:\\Dropbox\\xampp\\htdocs\\beaconlogin\\login\\vendor\\laravel\\framework\\src\\Illuminate\\Database\\Connection.php:664, Doctrine\\DBAL\\Driver\\PDOException(code: 2002): SQLSTATE[HY000] [2002] No connection could be made because the target machine actively refused it.
 at D:\\Dropbox\\xampp\\htdocs\\beaconlogin\\login\\vendor\\doctrine\\dbal\\lib\\Doctrine\\DBAL\\Driver\\PDOConnection.php:47, PDOException(code: 2002): SQLSTATE[HY000] [2002] No connection could be made because the target machine actively refused it.
 at D:\\Dropbox\\xampp\\htdocs\\beaconlogin\\login\\vendor\\doctrine\\dbal\\lib\\Doctrine\\DBAL\\Driver\\PDOConnection.php:43)
[stacktrace]
#0 D:\\Dropbox\\xampp\\htdocs\\beaconlogin\\login\\vendor\\laravel\\framework\\src\\Illuminate\\Database\\Connection.php(624): Illuminate\\Database\\Connection->runQueryCallback('SELECT DISTINCT...', Array, Object(Closure))
#1 D:\\Dropbox\\xampp\\htdocs\\beaconlogin\\login\\vendor\\laravel\\framework\\src\\Illuminate\\Database\\Connection.php(333): Illuminate\\Database\\Connection->run('SELECT DISTINCT...', Array, Object(Closure))
#2 D:\\Dropbox\\xampp\\htdocs\\beaconlogin\\login\\vendor\\laravel\\framework\\src\\Illuminate\\Database\\Eloquent\\Builder.php(276): Illuminate\\Database\\Connection->select('SELECT DISTINCT...', Array)
#3 D:\\Dropbox\\xampp\\htdocs\\beaconlogin\\login\\vendor\\laravel\\framework\\src\\Illuminate\\Database\\Eloquent\\Model.php(1470): Illuminate\\Database\\Eloquent\\Builder->fromQuery('SELECT DISTINCT...', Array)
#4 D:\\Dropbox\\xampp\\htdocs\\beaconlogin\\login\\vendor\\laravel\\framework\\src\\Illuminate\\Database\\Eloquent\\Model.php(1482): Illuminate\\Database\\Eloquent\\Model->__call('fromQuery', Array)
#5 D:\\Dropbox\\xampp\\htdocs\\beaconlogin\\login\\vendor\\cviebrock\\eloquent-taggable\\src\\Services\\TagService.php(188): Illuminate\\Database\\Eloquent\\Model::__callStatic('fromQuery', Array)
#6 D:\\Dropbox\\xampp\\htdocs\\beaconlogin\\login\\vendor\\cviebrock\\eloquent-taggable\\src\\Taggable.php(356): Cviebrock\\EloquentTaggable\\Services\\TagService->getAllTags('App\\\\Blog')
#7 D:\\Dropbox\\xampp\\htdocs\\beaconlogin\\login\\vendor\\cviebrock\\eloquent-taggable\\src\\Taggable.php(367): App\\Blog::allTagModels()
#8 D:\\Dropbox\\xampp\\htdocs\\beaconlogin\\login\\app\\Http\\Controllers\\BlogController.php(21): App\\Blog::allTags()
#9 [internal function]: App\\Http\\Controllers\\BlogController->__construct()
#10 D:\\Dropbox\\xampp\\htdocs\\beaconlogin\\login\\vendor\\laravel\\framework\\src\\Illuminate\\Container\\Container.php(785): ReflectionClass->newInstanceArgs(Array)
#11 D:\\Dropbox\\xampp\\htdocs\\beaconlogin\\login\\vendor\\laravel\\framework\\src\\Illuminate\\Container\\Container.php(631): Illuminate\\Container\\Container->build('App\\\\Http\\\\Contro...')
#12 D:\\Dropbox\\xampp\\htdocs\\beaconlogin\\login\\vendor\\laravel\\framework\\src\\Illuminate\\Container\\Container.php(586): Illuminate\\Container\\Container->resolve('App\\\\Http\\\\Contro...', Array)
#13 D:\\Dropbox\\xampp\\htdocs\\beaconlogin\\login\\vendor\\laravel\\framework\\src\\Illuminate\\Foundation\\Application.php(732): Illuminate\\Container\\Container->make('App\\\\Http\\\\Contro...', Array)
#14 D:\\Dropbox\\xampp\\htdocs\\beaconlogin\\login\\vendor\\laravel\\framework\\src\\Illuminate\\Routing\\Route.php(226): Illuminate\\Foundation\\Application->make('App\\\\Http\\\\Contro...')
#15 D:\\Dropbox\\xampp\\htdocs\\beaconlogin\\login\\vendor\\laravel\\framework\\src\\Illuminate\\Routing\\Route.php(796): Illuminate\\Routing\\Route->getController()
#16 D:\\Dropbox\\xampp\\htdocs\\beaconlogin\\login\\vendor\\laravel\\framework\\src\\Illuminate\\Routing\\Route.php(757): Illuminate\\Routing\\Route->controllerMiddleware()
#17 D:\\Dropbox\\xampp\\htdocs\\beaconlogin\\login\\vendor\\laravel\\framework\\src\\Illuminate\\Routing\\Router.php(671): Illuminate\\Routing\\Route->gatherMiddleware()
#18 D:\\Dropbox\\xampp\\htdocs\\beaconlogin\\login\\vendor\\laravel\\framework\\src\\Illuminate\\Routing\\Router.php(651): Illuminate\\Routing\\Router->gatherRouteMiddleware(Object(Illuminate\\Routing\\Route))
#19 D:\\Dropbox\\xampp\\htdocs\\beaconlogin\\login\\vendor\\laravel\\framework\\src\\Illuminate\\Routing\\Router.php(635): Illuminate\\Routing\\Router->runRouteWithinStack(Object(Illuminate\\Routing\\Route), Object(Illuminate\\Http\\Request))
#20 D:\\Dropbox\\xampp\\htdocs\\beaconlogin\\login\\vendor\\laravel\\framework\\src\\Illuminate\\Routing\\Router.php(601): Illuminate\\Routing\\Router->runRoute(Object(Illuminate\\Http\\Request), Object(Illuminate\\Routing\\Route))
#21 D:\\Dropbox\\xampp\\htdocs\\beaconlogin\\login\\vendor\\laravel\\framework\\src\\Illuminate\\Routing\\Router.php(590): Illuminate\\Routing\\Router->dispatchToRoute(Object(Illuminate\\Http\\Request))
#22 D:\\Dropbox\\xampp\\htdocs\\beaconlogin\\login\\vendor\\laravel\\framework\\src\\Illuminate\\Foundation\\Http\\Kernel.php(176): Illuminate\\Routing\\Router->dispatch(Object(Illuminate\\Http\\Request))
#23 D:\\Dropbox\\xampp\\htdocs\\beaconlogin\\login\\vendor\\laravel\\framework\\src\\Illuminate\\Routing\\Pipeline.php(30): Illuminate\\Foundation\\Http\\Kernel->Illuminate\\Foundation\\Http\\{closure}(Object(Illuminate\\Http\\Request))
#24 D:\\Dropbox\\xampp\\htdocs\\beaconlogin\\login\\vendor\\fideloper\\proxy\\src\\TrustProxies.php(56): Illuminate\\Routing\\Pipeline->Illuminate\\Routing\\{closure}(Object(Illuminate\\Http\\Request))
#25 D:\\Dropbox\\xampp\\htdocs\\beaconlogin\\login\\vendor\\laravel\\framework\\src\\Illuminate\\Pipeline\\Pipeline.php(149): Fideloper\\Proxy\\TrustProxies->handle(Object(Illuminate\\Http\\Request), Object(Closure))
#26 D:\\Dropbox\\xampp\\htdocs\\beaconlogin\\login\\vendor\\laravel\\framework\\src\\Illuminate\\Routing\\Pipeline.php(53): Illuminate\\Pipeline\\Pipeline->Illuminate\\Pipeline\\{closure}(Object(Illuminate\\Http\\Request))
#27 D:\\Dropbox\\xampp\\htdocs\\beaconlogin\\login\\vendor\\laravel\\framework\\src\\Illuminate\\Foundation\\Http\\Middleware\\TransformsRequest.php(30): Illuminate\\Routing\\Pipeline->Illuminate\\Routing\\{closure}(Object(Illuminate\\Http\\Request))
#28 D:\\Dropbox\\xampp\\htdocs\\beaconlogin\\login\\vendor\\laravel\\framework\\src\\Illuminate\\Pipeline\\Pipeline.php(149): Illuminate\\Foundation\\Http\\Middleware\\TransformsRequest->handle(Object(Illuminate\\Http\\Request), Object(Closure))
#29 D:\\Dropbox\\xampp\\htdocs\\beaconlogin\\login\\vendor\\laravel\\framework\\src\\Illuminate\\Routing\\Pipeline.php(53): Illuminate\\Pipeline\\Pipeline->Illuminate\\Pipeline\\{closure}(Object(Illuminate\\Http\\Request))
#30 D:\\Dropbox\\xampp\\htdocs\\beaconlogin\\login\\vendor\\laravel\\framework\\src\\Illuminate\\Foundation\\Http\\Middleware\\TransformsRequest.php(30): Illuminate\\Routing\\Pipeline->Illuminate\\Routing\\{closure}(Object(Illuminate\\Http\\Request))
#31 D:\\Dropbox\\xampp\\htdocs\\beaconlogin\\login\\vendor\\laravel\\framework\\src\\Illuminate\\Pipeline\\Pipeline.php(149): Illuminate\\Foundation\\Http\\Middleware\\TransformsRequest->handle(Object(Illuminate\\Http\\Request), Object(Closure))
#32 D:\\Dropbox\\xampp\\htdocs\\beaconlogin\\login\\vendor\\laravel\\framework\\src\\Illuminate\\Routing\\Pipeline.php(53): Illuminate\\Pipeline\\Pipeline->Illuminate\\Pipeline\\{closure}(Object(Illuminate\\Http\\Request))
#33 D:\\Dropbox\\xampp\\htdocs\\beaconlogin\\login\\vendor\\laravel\\framework\\src\\Illuminate\\Foundation\\Http\\Middleware\\ValidatePostSize.php(27): Illuminate\\Routing\\Pipeline->Illuminate\\Routing\\{closure}(Object(Illuminate\\Http\\Request))
#34 D:\\Dropbox\\xampp\\htdocs\\beaconlogin\\login\\vendor\\laravel\\framework\\src\\Illuminate\\Pipeline\\Pipeline.php(149): Illuminate\\Foundation\\Http\\Middleware\\ValidatePostSize->handle(Object(Illuminate\\Http\\Request), Object(Closure))
#35 D:\\Dropbox\\xampp\\htdocs\\beaconlogin\\login\\vendor\\laravel\\framework\\src\\Illuminate\\Routing\\Pipeline.php(53): Illuminate\\Pipeline\\Pipeline->Illuminate\\Pipeline\\{closure}(Object(Illuminate\\Http\\Request))
#36 D:\\Dropbox\\xampp\\htdocs\\beaconlogin\\login\\vendor\\laravel\\framework\\src\\Illuminate\\Foundation\\Http\\Middleware\\CheckForMaintenanceMode.php(46): Illuminate\\Routing\\Pipeline->Illuminate\\Routing\\{closure}(Object(Illuminate\\Http\\Request))
#37 D:\\Dropbox\\xampp\\htdocs\\beaconlogin\\login\\vendor\\laravel\\framework\\src\\Illuminate\\Pipeline\\Pipeline.php(149): Illuminate\\Foundation\\Http\\Middleware\\CheckForMaintenanceMode->handle(Object(Illuminate\\Http\\Request), Object(Closure))
#38 D:\\Dropbox\\xampp\\htdocs\\beaconlogin\\login\\vendor\\laravel\\framework\\src\\Illuminate\\Routing\\Pipeline.php(53): Illuminate\\Pipeline\\Pipeline->Illuminate\\Pipeline\\{closure}(Object(Illuminate\\Http\\Request))
#39 D:\\Dropbox\\xampp\\htdocs\\beaconlogin\\login\\vendor\\laravel\\framework\\src\\Illuminate\\Pipeline\\Pipeline.php(102): Illuminate\\Routing\\Pipeline->Illuminate\\Routing\\{closure}(Object(Illuminate\\Http\\Request))
#40 D:\\Dropbox\\xampp\\htdocs\\beaconlogin\\login\\vendor\\laravel\\framework\\src\\Illuminate\\Foundation\\Http\\Kernel.php(151): Illuminate\\Pipeline\\Pipeline->then(Object(Closure))
#41 D:\\Dropbox\\xampp\\htdocs\\beaconlogin\\login\\vendor\\laravel\\framework\\src\\Illuminate\\Foundation\\Http\\Kernel.php(116): Illuminate\\Foundation\\Http\\Kernel->sendRequestThroughRouter(Object(Illuminate\\Http\\Request))
#42 D:\\Dropbox\\xampp\\htdocs\\beaconlogin\\login\\public\\index.php(55): Illuminate\\Foundation\\Http\\Kernel->handle(Object(Illuminate\\Http\\Request))
#43 D:\\Dropbox\\xampp\\htdocs\\beaconlogin\\login\\server.php(21): require_once('D:\\\\Dropbox\\\\xamp...')
#44 {main}
"} 
