[2018-07-05 11:07:45] local.ERROR: SQLSTATE[HY000] [2002] No connection could be made because the target machine actively refused it.
 {"exception":"[object] (Doctrine\\DBAL\\Driver\\PDOException(code: 2002): SQLSTATE[HY000] [2002] No connection could be made because the target machine actively refused it.
 at D:\\Dropbox\\xampp\\htdocs\\beaconlogin\\login\\vendor\\doctrine\\dbal\\lib\\Doctrine\\DBAL\\Driver\\PDOConnection.php:47, PDOException(code: 2002): SQLSTATE[HY000] [2002] No connection could be made because the target machine actively refused it.
 at D:\\Dropbox\\xampp\\htdocs\\beaconlogin\\login\\vendor\\doctrine\\dbal\\lib\\Doctrine\\DBAL\\Driver\\PDOConnection.php:43)
[stacktrace]
#0 D:\\Dropbox\\xampp\\htdocs\\beaconlogin\\login\\vendor\\laravel\\framework\\src\\Illuminate\\Database\\Connectors\\Connector.php(64): Doctrine\\DBAL\\Driver\\PDOConnection->__construct('mysql:host=127....', 'root', '', Array)
#1 D:\\Dropbox\\xampp\\htdocs\\beaconlogin\\login\\vendor\\laravel\\framework\\src\\Illuminate\\Database\\Connectors\\Connector.php(43): Illuminate\\Database\\Connectors\\Connector->createPdoConnection('mysql:host=127....', 'root', '', Array)
#2 D:\\Dropbox\\xampp\\htdocs\\beaconlogin\\login\\vendor\\laravel\\framework\\src\\Illuminate\\Database\\Connectors\\MySqlConnector.php(24): Illuminate\\Database\\Connectors\\Connector->createConnection('mysql:host=127....', Array, Array)
#3 D:\\Dropbox\\xampp\\htdocs\\beaconlogin\\login\\vendor\\laravel\\framework\\src\\Illuminate\\Database\\Connectors\\ConnectionFactory.php(183): Illuminate\\Database\\Connectors\\MySqlConnector->connect(Array)
#4 [internal function]: Illuminate\\Database\\Connectors\\ConnectionFactory->Illuminate\\Database\\Connectors\\{closure}()
#5 D:\\Dropbox\\xampp\\htdocs\\beaconlogin\\login\\vendor\\laravel\\framework\\src\\Illuminate\\Database\\Connection.php(915): call_user_func(Object(Closure))
#6 D:\\Dropbox\\xampp\\htdocs\\beaconlogin\\login\\vendor\\laravel\\framework\\src\\Illuminate\\Database\\Connection.php(940): Illuminate\\Database\\Connection->getPdo()
#7 D:\\Dropbox\\xampp\\htdocs\\beaconlogin\\login\\vendor\\laravel\\framework\\src\\Illuminate\\Database\\Connection.php(399): Illuminate\\Database\\Connection->getReadPdo()
#8 D:\\Dropbox\\xampp\\htdocs\\beaconlogin\\login\\vendor\\laravel\\framework\\src\\Illuminate\\Database\\Connection.php(325): Illuminate\\Database\\Connection->getPdoForSelect(true)
#9 D:\\Dropbox\\xampp\\htdocs\\beaconlogin\\login\\vendor\\laravel\\framework\\src\\Illuminate\\Database\\Connection.php(657): Illuminate\\Database\\Connection->Illuminate\\Database\\{closure}('select * from `...', Array)
#10 D:\\Dropbox\\xampp\\htdocs\\beaconlogin\\login\\vendor\\laravel\\framework\\src\\Illuminate\\Database\\Connection.php(624): Illuminate\\Database\\Connection->runQueryCallback('select * from `...', Array, Object(Closure))
#11 D:\\Dropbox\\xampp\\htdocs\\beaconlogin\\login\\vendor\\laravel\\framework\\src\\Illuminate\\Database\\Connection.php(333): Illuminate\\Database\\Connection->run('select * from `...', Array, Object(Closure))
#12 D:\\Dropbox\\xampp\\htdocs\\beaconlogin\\login\\vendor\\laravel\\framework\\src\\Illuminate\\Database\\Query\\Builder.php(1719): Illuminate\\Database\\Connection->select('select * from `...', Array, true)
#13 D:\\Dropbox\\xampp\\htdocs\\beaconlogin\\login\\vendor\\laravel\\framework\\src\\Illuminate\\Database\\Query\\Builder.php(1704): Illuminate\\Database\\Query\\Builder->runSelect()
#14 D:\\Dropbox\\xampp\\htdocs\\beaconlogin\\login\\vendor\\laravel\\framework\\src\\Illuminate\\Database\\Eloquent\\Builder.php(483): Illuminate\\Database\\Query\\Builder->get(Array)
#15 D:\\Dropbox\\xampp\\htdocs\\beaconlogin\\login\\vendor\\laravel\\framework\\src\\Illuminate\\Database\\Eloquent\\Builder.php(467): Illuminate\\Database\\Eloquent\\Builder->getModels(Array)
#16 D:\\Dropbox\\xampp\\htdocs\\beaconlogin\\login\\vendor\\laravel\\framework\\src\\Illuminate\\Database\\Concerns\\BuildsQueries.php(77): Illuminate\\Database\\Eloquent\\Builder->get(Array)
#17 D:\\Dropbox\\xampp\\htdocs\\beaconlogin\\login\\vendor\\cartalyst\\sentinel\\src\\Users\\IlluminateUserRepository.php(115): Illuminate\\Database\\Eloquent\\Builder->first()
#18 D:\\Dropbox\\xampp\\htdocs\\beaconlogin\\login\\vendor\\cartalyst\\sentinel\\src\\Sentinel.php(300): Cartalyst\\Sentinel\\Users\\IlluminateUserRepository->findByCredentials(Array)
#19 D:\\Dropbox\\xampp\\htdocs\\beaconlogin\\login\\vendor\\laravel\\framework\\src\\Illuminate\\Support\\Facades\\Facade.php(221): Cartalyst\\Sentinel\\Sentinel->authenticate(Array, 0)
#20 D:\\Dropbox\\xampp\\htdocs\\beaconlogin\\login\\app\\Http\\Controllers\\Admin\\AuthController.php(51): Illuminate\\Support\\Facades\\Facade::__callStatic('authenticate', Array)
#21 [internal function]: App\\Http\\Controllers\\Admin\\AuthController->postSignin(Object(Illuminate\\Http\\Request))
#22 D:\\Dropbox\\xampp\\htdocs\\beaconlogin\\login\\vendor\\laravel\\framework\\src\\Illuminate\\Routing\\Controller.php(54): call_user_func_array(Array, Array)
#23 D:\\Dropbox\\xampp\\htdocs\\beaconlogin\\login\\vendor\\laravel\\framework\\src\\Illuminate\\Routing\\ControllerDispatcher.php(45): Illuminate\\Routing\\Controller->callAction('postSignin', Array)
#24 D:\\Dropbox\\xampp\\htdocs\\beaconlogin\\login\\vendor\\laravel\\framework\\src\\Illuminate\\Routing\\Route.php(212): Illuminate\\Routing\\ControllerDispatcher->dispatch(Object(Illuminate\\Routing\\Route), Object(App\\Http\\Controllers\\Admin\\AuthController), 'postSignin')
#25 D:\\Dropbox\\xampp\\htdocs\\beaconlogin\\login\\vendor\\laravel\\framework\\src\\Illuminate\\Routing\\Route.php(169): Illuminate\\Routing\\Route->runController()
#26 D:\\Dropbox\\xampp\\htdocs\\beaconlogin\\login\\vendor\\laravel\\framework\\src\\Illuminate\\Routing\\Router.php(658): Illuminate\\Routing\\Route->run()
#27 D:\\Dropbox\\xampp\\htdocs\\beaconlogin\\login\\vendor\\laravel\\framework\\src\\Illuminate\\Routing\\Pipeline.php(30): Illuminate\\Routing\\Router->Illuminate\\Routing\\{closure}(Object(Illuminate\\Http\\Request))
#28 D:\\Dropbox\\xampp\\htdocs\\beaconlogin\\login\\vendor\\laravel\\framework\\src\\Illuminate\\Routing\\Middleware\\SubstituteBindings.php(41): Illuminate\\Routing\\Pipeline->Illuminate\\Routing\\{closure}(Object(Illuminate\\Http\\Request))
#29 D:\\Dropbox\\xampp\\htdocs\\beaconlogin\\login\\vendor\\laravel\\framework\\src\\Illuminate\\Pipeline\\Pipeline.php(149): Illuminate\\Routing\\Middleware\\SubstituteBindings->handle(Object(Illuminate\\Http\\Request), Object(Closure))
#30 D:\\Dropbox\\xampp\\htdocs\\beaconlogin\\login\\vendor\\laravel\\framework\\src\\Illuminate\\Routing\\Pipeline.php(53): Illuminate\\Pipeline\\Pipeline->Illuminate\\Pipeline\\{closure}(Object(Illuminate\\Http\\Request))
#31 D:\\Dropbox\\xampp\\htdocs\\beaconlogin\\login\\vendor\\laravel\\framework\\src\\Illuminate\\Foundation\\Http\\Middleware\\VerifyCsrfToken.php(67): Illuminate\\Routing\\Pipeline->Illuminate\\Routing\\{closure}(Object(Illuminate\\Http\\Request))
#32 D:\\Dropbox\\xampp\\htdocs\\beaconlogin\\login\\vendor\\laravel\\framework\\src\\Illuminate\\Pipeline\\Pipeline.php(149): Illuminate\\Foundation\\Http\\Middleware\\VerifyCsrfToken->handle(Object(Illuminate\\Http\\Request), Object(Closure))
#33 D:\\Dropbox\\xampp\\htdocs\\beaconlogin\\login\\vendor\\laravel\\framework\\src\\Illuminate\\Routing\\Pipeline.php(53): Illuminate\\Pipeline\\Pipeline->Illuminate\\Pipeline\\{closure}(Object(Illuminate\\Http\\Request))
#34 D:\\Dropbox\\xampp\\htdocs\\beaconlogin\\login\\vendor\\laravel\\framework\\src\\Illuminate\\View\\Middleware\\ShareErrorsFromSession.php(49): Illuminate\\Routing\\Pipeline->Illuminate\\Routing\\{closure}(Object(Illuminate\\Http\\Request))
#35 D:\\Dropbox\\xampp\\htdocs\\beaconlogin\\login\\vendor\\laravel\\framework\\src\\Illuminate\\Pipeline\\Pipeline.php(149): Illuminate\\View\\Middleware\\ShareErrorsFromSession->handle(Object(Illuminate\\Http\\Request), Object(Closure))
#36 D:\\Dropbox\\xampp\\htdocs\\beaconlogin\\login\\vendor\\laravel\\framework\\src\\Illuminate\\Routing\\Pipeline.php(53): Illuminate\\Pipeline\\Pipeline->Illuminate\\Pipeline\\{closure}(Object(Illuminate\\Http\\Request))
#37 D:\\Dropbox\\xampp\\htdocs\\beaconlogin\\login\\vendor\\laravel\\framework\\src\\Illuminate\\Session\\Middleware\\StartSession.php(63): Illuminate\\Routing\\Pipeline->Illuminate\\Routing\\{closure}(Object(Illuminate\\Http\\Request))
#38 D:\\Dropbox\\xampp\\htdocs\\beaconlogin\\login\\vendor\\laravel\\framework\\src\\Illuminate\\Pipeline\\Pipeline.php(149): Illuminate\\Session\\Middleware\\StartSession->handle(Object(Illuminate\\Http\\Request), Object(Closure))
#39 D:\\Dropbox\\xampp\\htdocs\\beaconlogin\\login\\vendor\\laravel\\framework\\src\\Illuminate\\Routing\\Pipeline.php(53): Illuminate\\Pipeline\\Pipeline->Illuminate\\Pipeline\\{closure}(Object(Illuminate\\Http\\Request))
#40 D:\\Dropbox\\xampp\\htdocs\\beaconlogin\\login\\vendor\\laravel\\framework\\src\\Illuminate\\Cookie\\Middleware\\AddQueuedCookiesToResponse.php(37): Illuminate\\Routing\\Pipeline->Illuminate\\Routing\\{closure}(Object(Illuminate\\Http\\Request))
#41 D:\\Dropbox\\xampp\\htdocs\\beaconlogin\\login\\vendor\\laravel\\framework\\src\\Illuminate\\Pipeline\\Pipeline.php(149): Illuminate\\Cookie\\Middleware\\AddQueuedCookiesToResponse->handle(Object(Illuminate\\Http\\Request), Object(Closure))
#42 D:\\Dropbox\\xampp\\htdocs\\beaconlogin\\login\\vendor\\laravel\\framework\\src\\Illuminate\\Routing\\Pipeline.php(53): Illuminate\\Pipeline\\Pipeline->Illuminate\\Pipeline\\{closure}(Object(Illuminate\\Http\\Request))
#43 D:\\Dropbox\\xampp\\htdocs\\beaconlogin\\login\\vendor\\laravel\\framework\\src\\Illuminate\\Cookie\\Middleware\\EncryptCookies.php(59): Illuminate\\Routing\\Pipeline->Illuminate\\Routing\\{closure}(Object(Illuminate\\Http\\Request))
#44 D:\\Dropbox\\xampp\\htdocs\\beaconlogin\\login\\vendor\\laravel\\framework\\src\\Illuminate\\Pipeline\\Pipeline.php(149): Illuminate\\Cookie\\Middleware\\EncryptCookies->handle(Object(Illuminate\\Http\\Request), Object(Closure))
#45 D:\\Dropbox\\xampp\\htdocs\\beaconlogin\\login\\vendor\\laravel\\framework\\src\\Illuminate\\Routing\\Pipeline.php(53): Illuminate\\Pipeline\\Pipeline->Illuminate\\Pipeline\\{closure}(Object(Illuminate\\Http\\Request))
#46 D:\\Dropbox\\xampp\\htdocs\\beaconlogin\\login\\vendor\\laravel\\framework\\src\\Illuminate\\Pipeline\\Pipeline.php(102): Illuminate\\Routing\\Pipeline->Illuminate\\Routing\\{closure}(Object(Illuminate\\Http\\Request))
#47 D:\\Dropbox\\xampp\\htdocs\\beaconlogin\\login\\vendor\\laravel\\framework\\src\\Illuminate\\Routing\\Router.php(660): Illuminate\\Pipeline\\Pipeline->then(Object(Closure))
#48 D:\\Dropbox\\xampp\\htdocs\\beaconlogin\\login\\vendor\\laravel\\framework\\src\\Illuminate\\Routing\\Router.php(635): Illuminate\\Routing\\Router->runRouteWithinStack(Object(Illuminate\\Routing\\Route), Object(Illuminate\\Http\\Request))
#49 D:\\Dropbox\\xampp\\htdocs\\beaconlogin\\login\\vendor\\laravel\\framework\\src\\Illuminate\\Routing\\Router.php(601): Illuminate\\Routing\\Router->runRoute(Object(Illuminate\\Http\\Request), Object(Illuminate\\Routing\\Route))
#50 D:\\Dropbox\\xampp\\htdocs\\beaconlogin\\login\\vendor\\laravel\\framework\\src\\Illuminate\\Routing\\Router.php(590): Illuminate\\Routing\\Router->dispatchToRoute(Object(Illuminate\\Http\\Request))
#51 D:\\Dropbox\\xampp\\htdocs\\beaconlogin\\login\\vendor\\laravel\\framework\\src\\Illuminate\\Foundation\\Http\\Kernel.php(176): Illuminate\\Routing\\Router->dispatch(Object(Illuminate\\Http\\Request))
#52 D:\\Dropbox\\xampp\\htdocs\\beaconlogin\\login\\vendor\\laravel\\framework\\src\\Illuminate\\Routing\\Pipeline.php(30): Illuminate\\Foundation\\Http\\Kernel->Illuminate\\Foundation\\Http\\{closure}(Object(Illuminate\\Http\\Request))
#53 D:\\Dropbox\\xampp\\htdocs\\beaconlogin\\login\\vendor\\fideloper\\proxy\\src\\TrustProxies.php(56): Illuminate\\Routing\\Pipeline->Illuminate\\Routing\\{closure}(Object(Illuminate\\Http\\Request))
#54 D:\\Dropbox\\xampp\\htdocs\\beaconlogin\\login\\vendor\\laravel\\framework\\src\\Illuminate\\Pipeline\\Pipeline.php(149): Fideloper\\Proxy\\TrustProxies->handle(Object(Illuminate\\Http\\Request), Object(Closure))
#55 D:\\Dropbox\\xampp\\htdocs\\beaconlogin\\login\\vendor\\laravel\\framework\\src\\Illuminate\\Routing\\Pipeline.php(53): Illuminate\\Pipeline\\Pipeline->Illuminate\\Pipeline\\{closure}(Object(Illuminate\\Http\\Request))
#56 D:\\Dropbox\\xampp\\htdocs\\beaconlogin\\login\\vendor\\laravel\\framework\\src\\Illuminate\\Foundation\\Http\\Middleware\\TransformsRequest.php(30): Illuminate\\Routing\\Pipeline->Illuminate\\Routing\\{closure}(Object(Illuminate\\Http\\Request))
#57 D:\\Dropbox\\xampp\\htdocs\\beaconlogin\\login\\vendor\\laravel\\framework\\src\\Illuminate\\Pipeline\\Pipeline.php(149): Illuminate\\Foundation\\Http\\Middleware\\TransformsRequest->handle(Object(Illuminate\\Http\\Request), Object(Closure))
#58 D:\\Dropbox\\xampp\\htdocs\\beaconlogin\\login\\vendor\\laravel\\framework\\src\\Illuminate\\Routing\\Pipeline.php(53): Illuminate\\Pipeline\\Pipeline->Illuminate\\Pipeline\\{closure}(Object(Illuminate\\Http\\Request))
#59 D:\\Dropbox\\xampp\\htdocs\\beaconlogin\\login\\vendor\\laravel\\framework\\src\\Illuminate\\Foundation\\Http\\Middleware\\TransformsRequest.php(30): Illuminate\\Routing\\Pipeline->Illuminate\\Routing\\{closure}(Object(Illuminate\\Http\\Request))
#60 D:\\Dropbox\\xampp\\htdocs\\beaconlogin\\login\\vendor\\laravel\\framework\\src\\Illuminate\\Pipeline\\Pipeline.php(149): Illuminate\\Foundation\\Http\\Middleware\\TransformsRequest->handle(Object(Illuminate\\Http\\Request), Object(Closure))
#61 D:\\Dropbox\\xampp\\htdocs\\beaconlogin\\login\\vendor\\laravel\\framework\\src\\Illuminate\\Routing\\Pipeline.php(53): Illuminate\\Pipeline\\Pipeline->Illuminate\\Pipeline\\{closure}(Object(Illuminate\\Http\\Request))
#62 D:\\Dropbox\\xampp\\htdocs\\beaconlogin\\login\\vendor\\laravel\\framework\\src\\Illuminate\\Foundation\\Http\\Middleware\\ValidatePostSize.php(27): Illuminate\\Routing\\Pipeline->Illuminate\\Routing\\{closure}(Object(Illuminate\\Http\\Request))
#63 D:\\Dropbox\\xampp\\htdocs\\beaconlogin\\login\\vendor\\laravel\\framework\\src\\Illuminate\\Pipeline\\Pipeline.php(149): Illuminate\\Foundation\\Http\\Middleware\\ValidatePostSize->handle(Object(Illuminate\\Http\\Request), Object(Closure))
#64 D:\\Dropbox\\xampp\\htdocs\\beaconlogin\\login\\vendor\\laravel\\framework\\src\\Illuminate\\Routing\\Pipeline.php(53): Illuminate\\Pipeline\\Pipeline->Illuminate\\Pipeline\\{closure}(Object(Illuminate\\Http\\Request))
#65 D:\\Dropbox\\xampp\\htdocs\\beaconlogin\\login\\vendor\\laravel\\framework\\src\\Illuminate\\Foundation\\Http\\Middleware\\CheckForMaintenanceMode.php(46): Illuminate\\Routing\\Pipeline->Illuminate\\Routing\\{closure}(Object(Illuminate\\Http\\Request))
#66 D:\\Dropbox\\xampp\\htdocs\\beaconlogin\\login\\vendor\\laravel\\framework\\src\\Illuminate\\Pipeline\\Pipeline.php(149): Illuminate\\Foundation\\Http\\Middleware\\CheckForMaintenanceMode->handle(Object(Illuminate\\Http\\Request), Object(Closure))
#67 D:\\Dropbox\\xampp\\htdocs\\beaconlogin\\login\\vendor\\laravel\\framework\\src\\Illuminate\\Routing\\Pipeline.php(53): Illuminate\\Pipeline\\Pipeline->Illuminate\\Pipeline\\{closure}(Object(Illuminate\\Http\\Request))
#68 D:\\Dropbox\\xampp\\htdocs\\beaconlogin\\login\\vendor\\laravel\\framework\\src\\Illuminate\\Pipeline\\Pipeline.php(102): Illuminate\\Routing\\Pipeline->Illuminate\\Routing\\{closure}(Object(Illuminate\\Http\\Request))
#69 D:\\Dropbox\\xampp\\htdocs\\beaconlogin\\login\\vendor\\laravel\\framework\\src\\Illuminate\\Foundation\\Http\\Kernel.php(151): Illuminate\\Pipeline\\Pipeline->then(Object(Closure))
#70 D:\\Dropbox\\xampp\\htdocs\\beaconlogin\\login\\vendor\\laravel\\framework\\src\\Illuminate\\Foundation\\Http\\Kernel.php(116): Illuminate\\Foundation\\Http\\Kernel->sendRequestThroughRouter(Object(Illuminate\\Http\\Request))
#71 D:\\Dropbox\\xampp\\htdocs\\beaconlogin\\login\\public\\index.php(55): Illuminate\\Foundation\\Http\\Kernel->handle(Object(Illuminate\\Http\\Request))
#72 D:\\Dropbox\\xampp\\htdocs\\beaconlogin\\login\\server.php(21): require_once('D:\\\\Dropbox\\\\xamp...')
#73 {main}
"} 
[2018-07-05 11:07:45] local.ERROR: SQLSTATE[HY000] [2002] No connection could be made because the target machine actively refused it.
 (SQL: select * from `users` where `email` = admin@admin.com and `users`.`deleted_at` is null limit 1) {"exception":"[object] (Illuminate\\Database\\QueryException(code: 2002): SQLSTATE[HY000] [2002] No connection could be made because the target machine actively refused it.
 (SQL: select * from `users` where `email` = admin@admin.com and `users`.`deleted_at` is null limit 1) at D:\\Dropbox\\xampp\\htdocs\\beaconlogin\\login\\vendor\\laravel\\framework\\src\\Illuminate\\Database\\Connection.php:664, Doctrine\\DBAL\\Driver\\PDOException(code: 2002): SQLSTATE[HY000] [2002] No connection could be made because the target machine actively refused it.
 at D:\\Dropbox\\xampp\\htdocs\\beaconlogin\\login\\vendor\\doctrine\\dbal\\lib\\Doctrine\\DBAL\\Driver\\PDOConnection.php:47, PDOException(code: 2002): SQLSTATE[HY000] [2002] No connection could be made because the target machine actively refused it.
 at D:\\Dropbox\\xampp\\htdocs\\beaconlogin\\login\\vendor\\doctrine\\dbal\\lib\\Doctrine\\DBAL\\Driver\\PDOConnection.php:43)
[stacktrace]
#0 D:\\Dropbox\\xampp\\htdocs\\beaconlogin\\login\\vendor\\laravel\\framework\\src\\Illuminate\\Database\\Connection.php(624): Illuminate\\Database\\Connection->runQueryCallback('select * from `...', Array, Object(Closure))
#1 D:\\Dropbox\\xampp\\htdocs\\beaconlogin\\login\\vendor\\laravel\\framework\\src\\Illuminate\\Database\\Connection.php(333): Illuminate\\Database\\Connection->run('select * from `...', Array, Object(Closure))
#2 D:\\Dropbox\\xampp\\htdocs\\beaconlogin\\login\\vendor\\laravel\\framework\\src\\Illuminate\\Database\\Query\\Builder.php(1719): Illuminate\\Database\\Connection->select('select * from `...', Array, true)
#3 D:\\Dropbox\\xampp\\htdocs\\beaconlogin\\login\\vendor\\laravel\\framework\\src\\Illuminate\\Database\\Query\\Builder.php(1704): Illuminate\\Database\\Query\\Builder->runSelect()
#4 D:\\Dropbox\\xampp\\htdocs\\beaconlogin\\login\\vendor\\laravel\\framework\\src\\Illuminate\\Database\\Eloquent\\Builder.php(483): Illuminate\\Database\\Query\\Builder->get(Array)
#5 D:\\Dropbox\\xampp\\htdocs\\beaconlogin\\login\\vendor\\laravel\\framework\\src\\Illuminate\\Database\\Eloquent\\Builder.php(467): Illuminate\\Database\\Eloquent\\Builder->getModels(Array)
#6 D:\\Dropbox\\xampp\\htdocs\\beaconlogin\\login\\vendor\\laravel\\framework\\src\\Illuminate\\Database\\Concerns\\BuildsQueries.php(77): Illuminate\\Database\\Eloquent\\Builder->get(Array)
#7 D:\\Dropbox\\xampp\\htdocs\\beaconlogin\\login\\vendor\\cartalyst\\sentinel\\src\\Users\\IlluminateUserRepository.php(115): Illuminate\\Database\\Eloquent\\Builder->first()
#8 D:\\Dropbox\\xampp\\htdocs\\beaconlogin\\login\\vendor\\cartalyst\\sentinel\\src\\Sentinel.php(300): Cartalyst\\Sentinel\\Users\\IlluminateUserRepository->findByCredentials(Array)
#9 D:\\Dropbox\\xampp\\htdocs\\beaconlogin\\login\\vendor\\laravel\\framework\\src\\Illuminate\\Support\\Facades\\Facade.php(221): Cartalyst\\Sentinel\\Sentinel->authenticate(Array, 0)
#10 D:\\Dropbox\\xampp\\htdocs\\beaconlogin\\login\\app\\Http\\Controllers\\Admin\\AuthController.php(51): Illuminate\\Support\\Facades\\Facade::__callStatic('authenticate', Array)
#11 [internal function]: App\\Http\\Controllers\\Admin\\AuthController->postSignin(Object(Illuminate\\Http\\Request))
#12 D:\\Dropbox\\xampp\\htdocs\\beaconlogin\\login\\vendor\\laravel\\framework\\src\\Illuminate\\Routing\\Controller.php(54): call_user_func_array(Array, Array)
#13 D:\\Dropbox\\xampp\\htdocs\\beaconlogin\\login\\vendor\\laravel\\framework\\src\\Illuminate\\Routing\\ControllerDispatcher.php(45): Illuminate\\Routing\\Controller->callAction('postSignin', Array)
#14 D:\\Dropbox\\xampp\\htdocs\\beaconlogin\\login\\vendor\\laravel\\framework\\src\\Illuminate\\Routing\\Route.php(212): Illuminate\\Routing\\ControllerDispatcher->dispatch(Object(Illuminate\\Routing\\Route), Object(App\\Http\\Controllers\\Admin\\AuthController), 'postSignin')
#15 D:\\Dropbox\\xampp\\htdocs\\beaconlogin\\login\\vendor\\laravel\\framework\\src\\Illuminate\\Routing\\Route.php(169): Illuminate\\Routing\\Route->runController()
#16 D:\\Dropbox\\xampp\\htdocs\\beaconlogin\\login\\vendor\\laravel\\framework\\src\\Illuminate\\Routing\\Router.php(658): Illuminate\\Routing\\Route->run()
#17 D:\\Dropbox\\xampp\\htdocs\\beaconlogin\\login\\vendor\\laravel\\framework\\src\\Illuminate\\Routing\\Pipeline.php(30): Illuminate\\Routing\\Router->Illuminate\\Routing\\{closure}(Object(Illuminate\\Http\\Request))
#18 D:\\Dropbox\\xampp\\htdocs\\beaconlogin\\login\\vendor\\laravel\\framework\\src\\Illuminate\\Routing\\Middleware\\SubstituteBindings.php(41): Illuminate\\Routing\\Pipeline->Illuminate\\Routing\\{closure}(Object(Illuminate\\Http\\Request))
#19 D:\\Dropbox\\xampp\\htdocs\\beaconlogin\\login\\vendor\\laravel\\framework\\src\\Illuminate\\Pipeline\\Pipeline.php(149): Illuminate\\Routing\\Middleware\\SubstituteBindings->handle(Object(Illuminate\\Http\\Request), Object(Closure))
#20 D:\\Dropbox\\xampp\\htdocs\\beaconlogin\\login\\vendor\\laravel\\framework\\src\\Illuminate\\Routing\\Pipeline.php(53): Illuminate\\Pipeline\\Pipeline->Illuminate\\Pipeline\\{closure}(Object(Illuminate\\Http\\Request))
#21 D:\\Dropbox\\xampp\\htdocs\\beaconlogin\\login\\vendor\\laravel\\framework\\src\\Illuminate\\Foundation\\Http\\Middleware\\VerifyCsrfToken.php(67): Illuminate\\Routing\\Pipeline->Illuminate\\Routing\\{closure}(Object(Illuminate\\Http\\Request))
#22 D:\\Dropbox\\xampp\\htdocs\\beaconlogin\\login\\vendor\\laravel\\framework\\src\\Illuminate\\Pipeline\\Pipeline.php(149): Illuminate\\Foundation\\Http\\Middleware\\VerifyCsrfToken->handle(Object(Illuminate\\Http\\Request), Object(Closure))
#23 D:\\Dropbox\\xampp\\htdocs\\beaconlogin\\login\\vendor\\laravel\\framework\\src\\Illuminate\\Routing\\Pipeline.php(53): Illuminate\\Pipeline\\Pipeline->Illuminate\\Pipeline\\{closure}(Object(Illuminate\\Http\\Request))
#24 D:\\Dropbox\\xampp\\htdocs\\beaconlogin\\login\\vendor\\laravel\\framework\\src\\Illuminate\\View\\Middleware\\ShareErrorsFromSession.php(49): Illuminate\\Routing\\Pipeline->Illuminate\\Routing\\{closure}(Object(Illuminate\\Http\\Request))
#25 D:\\Dropbox\\xampp\\htdocs\\beaconlogin\\login\\vendor\\laravel\\framework\\src\\Illuminate\\Pipeline\\Pipeline.php(149): Illuminate\\View\\Middleware\\ShareErrorsFromSession->handle(Object(Illuminate\\Http\\Request), Object(Closure))
#26 D:\\Dropbox\\xampp\\htdocs\\beaconlogin\\login\\vendor\\laravel\\framework\\src\\Illuminate\\Routing\\Pipeline.php(53): Illuminate\\Pipeline\\Pipeline->Illuminate\\Pipeline\\{closure}(Object(Illuminate\\Http\\Request))
#27 D:\\Dropbox\\xampp\\htdocs\\beaconlogin\\login\\vendor\\laravel\\framework\\src\\Illuminate\\Session\\Middleware\\StartSession.php(63): Illuminate\\Routing\\Pipeline->Illuminate\\Routing\\{closure}(Object(Illuminate\\Http\\Request))
#28 D:\\Dropbox\\xampp\\htdocs\\beaconlogin\\login\\vendor\\laravel\\framework\\src\\Illuminate\\Pipeline\\Pipeline.php(149): Illuminate\\Session\\Middleware\\StartSession->handle(Object(Illuminate\\Http\\Request), Object(Closure))
#29 D:\\Dropbox\\xampp\\htdocs\\beaconlogin\\login\\vendor\\laravel\\framework\\src\\Illuminate\\Routing\\Pipeline.php(53): Illuminate\\Pipeline\\Pipeline->Illuminate\\Pipeline\\{closure}(Object(Illuminate\\Http\\Request))
#30 D:\\Dropbox\\xampp\\htdocs\\beaconlogin\\login\\vendor\\laravel\\framework\\src\\Illuminate\\Cookie\\Middleware\\AddQueuedCookiesToResponse.php(37): Illuminate\\Routing\\Pipeline->Illuminate\\Routing\\{closure}(Object(Illuminate\\Http\\Request))
#31 D:\\Dropbox\\xampp\\htdocs\\beaconlogin\\login\\vendor\\laravel\\framework\\src\\Illuminate\\Pipeline\\Pipeline.php(149): Illuminate\\Cookie\\Middleware\\AddQueuedCookiesToResponse->handle(Object(Illuminate\\Http\\Request), Object(Closure))
#32 D:\\Dropbox\\xampp\\htdocs\\beaconlogin\\login\\vendor\\laravel\\framework\\src\\Illuminate\\Routing\\Pipeline.php(53): Illuminate\\Pipeline\\Pipeline->Illuminate\\Pipeline\\{closure}(Object(Illuminate\\Http\\Request))
#33 D:\\Dropbox\\xampp\\htdocs\\beaconlogin\\login\\vendor\\laravel\\framework\\src\\Illuminate\\Cookie\\Middleware\\EncryptCookies.php(59): Illuminate\\Routing\\Pipeline->Illuminate\\Routing\\{closure}(Object(Illuminate\\Http\\Request))
#34 D:\\Dropbox\\xampp\\htdocs\\beaconlogin\\login\\vendor\\laravel\\framework\\src\\Illuminate\\Pipeline\\Pipeline.php(149): Illuminate\\Cookie\\Middleware\\EncryptCookies->handle(Object(Illuminate\\Http\\Request), Object(Closure))
#35 D:\\Dropbox\\xampp\\htdocs\\beaconlogin\\login\\vendor\\laravel\\framework\\src\\Illuminate\\Routing\\Pipeline.php(53): Illuminate\\Pipeline\\Pipeline->Illuminate\\Pipeline\\{closure}(Object(Illuminate\\Http\\Request))
#36 D:\\Dropbox\\xampp\\htdocs\\beaconlogin\\login\\vendor\\laravel\\framework\\src\\Illuminate\\Pipeline\\Pipeline.php(102): Illuminate\\Routing\\Pipeline->Illuminate\\Routing\\{closure}(Object(Illuminate\\Http\\Request))
#37 D:\\Dropbox\\xampp\\htdocs\\beaconlogin\\login\\vendor\\laravel\\framework\\src\\Illuminate\\Routing\\Router.php(660): Illuminate\\Pipeline\\Pipeline->then(Object(Closure))
#38 D:\\Dropbox\\xampp\\htdocs\\beaconlogin\\login\\vendor\\laravel\\framework\\src\\Illuminate\\Routing\\Router.php(635): Illuminate\\Routing\\Router->runRouteWithinStack(Object(Illuminate\\Routing\\Route), Object(Illuminate\\Http\\Request))
#39 D:\\Dropbox\\xampp\\htdocs\\beaconlogin\\login\\vendor\\laravel\\framework\\src\\Illuminate\\Routing\\Router.php(601): Illuminate\\Routing\\Router->runRoute(Object(Illuminate\\Http\\Request), Object(Illuminate\\Routing\\Route))
#40 D:\\Dropbox\\xampp\\htdocs\\beaconlogin\\login\\vendor\\laravel\\framework\\src\\Illuminate\\Routing\\Router.php(590): Illuminate\\Routing\\Router->dispatchToRoute(Object(Illuminate\\Http\\Request))
#41 D:\\Dropbox\\xampp\\htdocs\\beaconlogin\\login\\vendor\\laravel\\framework\\src\\Illuminate\\Foundation\\Http\\Kernel.php(176): Illuminate\\Routing\\Router->dispatch(Object(Illuminate\\Http\\Request))
#42 D:\\Dropbox\\xampp\\htdocs\\beaconlogin\\login\\vendor\\laravel\\framework\\src\\Illuminate\\Routing\\Pipeline.php(30): Illuminate\\Foundation\\Http\\Kernel->Illuminate\\Foundation\\Http\\{closure}(Object(Illuminate\\Http\\Request))
#43 D:\\Dropbox\\xampp\\htdocs\\beaconlogin\\login\\vendor\\fideloper\\proxy\\src\\TrustProxies.php(56): Illuminate\\Routing\\Pipeline->Illuminate\\Routing\\{closure}(Object(Illuminate\\Http\\Request))
#44 D:\\Dropbox\\xampp\\htdocs\\beaconlogin\\login\\vendor\\laravel\\framework\\src\\Illuminate\\Pipeline\\Pipeline.php(149): Fideloper\\Proxy\\TrustProxies->handle(Object(Illuminate\\Http\\Request), Object(Closure))
#45 D:\\Dropbox\\xampp\\htdocs\\beaconlogin\\login\\vendor\\laravel\\framework\\src\\Illuminate\\Routing\\Pipeline.php(53): Illuminate\\Pipeline\\Pipeline->Illuminate\\Pipeline\\{closure}(Object(Illuminate\\Http\\Request))
#46 D:\\Dropbox\\xampp\\htdocs\\beaconlogin\\login\\vendor\\laravel\\framework\\src\\Illuminate\\Foundation\\Http\\Middleware\\TransformsRequest.php(30): Illuminate\\Routing\\Pipeline->Illuminate\\Routing\\{closure}(Object(Illuminate\\Http\\Request))
#47 D:\\Dropbox\\xampp\\htdocs\\beaconlogin\\login\\vendor\\laravel\\framework\\src\\Illuminate\\Pipeline\\Pipeline.php(149): Illuminate\\Foundation\\Http\\Middleware\\TransformsRequest->handle(Object(Illuminate\\Http\\Request), Object(Closure))
#48 D:\\Dropbox\\xampp\\htdocs\\beaconlogin\\login\\vendor\\laravel\\framework\\src\\Illuminate\\Routing\\Pipeline.php(53): Illuminate\\Pipeline\\Pipeline->Illuminate\\Pipeline\\{closure}(Object(Illuminate\\Http\\Request))
#49 D:\\Dropbox\\xampp\\htdocs\\beaconlogin\\login\\vendor\\laravel\\framework\\src\\Illuminate\\Foundation\\Http\\Middleware\\TransformsRequest.php(30): Illuminate\\Routing\\Pipeline->Illuminate\\Routing\\{closure}(Object(Illuminate\\Http\\Request))
#50 D:\\Dropbox\\xampp\\htdocs\\beaconlogin\\login\\vendor\\laravel\\framework\\src\\Illuminate\\Pipeline\\Pipeline.php(149): Illuminate\\Foundation\\Http\\Middleware\\TransformsRequest->handle(Object(Illuminate\\Http\\Request), Object(Closure))
#51 D:\\Dropbox\\xampp\\htdocs\\beaconlogin\\login\\vendor\\laravel\\framework\\src\\Illuminate\\Routing\\Pipeline.php(53): Illuminate\\Pipeline\\Pipeline->Illuminate\\Pipeline\\{closure}(Object(Illuminate\\Http\\Request))
#52 D:\\Dropbox\\xampp\\htdocs\\beaconlogin\\login\\vendor\\laravel\\framework\\src\\Illuminate\\Foundation\\Http\\Middleware\\ValidatePostSize.php(27): Illuminate\\Routing\\Pipeline->Illuminate\\Routing\\{closure}(Object(Illuminate\\Http\\Request))
#53 D:\\Dropbox\\xampp\\htdocs\\beaconlogin\\login\\vendor\\laravel\\framework\\src\\Illuminate\\Pipeline\\Pipeline.php(149): Illuminate\\Foundation\\Http\\Middleware\\ValidatePostSize->handle(Object(Illuminate\\Http\\Request), Object(Closure))
#54 D:\\Dropbox\\xampp\\htdocs\\beaconlogin\\login\\vendor\\laravel\\framework\\src\\Illuminate\\Routing\\Pipeline.php(53): Illuminate\\Pipeline\\Pipeline->Illuminate\\Pipeline\\{closure}(Object(Illuminate\\Http\\Request))
#55 D:\\Dropbox\\xampp\\htdocs\\beaconlogin\\login\\vendor\\laravel\\framework\\src\\Illuminate\\Foundation\\Http\\Middleware\\CheckForMaintenanceMode.php(46): Illuminate\\Routing\\Pipeline->Illuminate\\Routing\\{closure}(Object(Illuminate\\Http\\Request))
#56 D:\\Dropbox\\xampp\\htdocs\\beaconlogin\\login\\vendor\\laravel\\framework\\src\\Illuminate\\Pipeline\\Pipeline.php(149): Illuminate\\Foundation\\Http\\Middleware\\CheckForMaintenanceMode->handle(Object(Illuminate\\Http\\Request), Object(Closure))
#57 D:\\Dropbox\\xampp\\htdocs\\beaconlogin\\login\\vendor\\laravel\\framework\\src\\Illuminate\\Routing\\Pipeline.php(53): Illuminate\\Pipeline\\Pipeline->Illuminate\\Pipeline\\{closure}(Object(Illuminate\\Http\\Request))
#58 D:\\Dropbox\\xampp\\htdocs\\beaconlogin\\login\\vendor\\laravel\\framework\\src\\Illuminate\\Pipeline\\Pipeline.php(102): Illuminate\\Routing\\Pipeline->Illuminate\\Routing\\{closure}(Object(Illuminate\\Http\\Request))
#59 D:\\Dropbox\\xampp\\htdocs\\beaconlogin\\login\\vendor\\laravel\\framework\\src\\Illuminate\\Foundation\\Http\\Kernel.php(151): Illuminate\\Pipeline\\Pipeline->then(Object(Closure))
#60 D:\\Dropbox\\xampp\\htdocs\\beaconlogin\\login\\vendor\\laravel\\framework\\src\\Illuminate\\Foundation\\Http\\Kernel.php(116): Illuminate\\Foundation\\Http\\Kernel->sendRequestThroughRouter(Object(Illuminate\\Http\\Request))
#61 D:\\Dropbox\\xampp\\htdocs\\beaconlogin\\login\\public\\index.php(55): Illuminate\\Foundation\\Http\\Kernel->handle(Object(Illuminate\\Http\\Request))
#62 D:\\Dropbox\\xampp\\htdocs\\beaconlogin\\login\\server.php(21): require_once('D:\\\\Dropbox\\\\xamp...')
#63 {main}
"} 
